#
# A fatal error has been detected by the Java Runtime Environment:
#
#  EXCEPTION_ACCESS_VIOLATION (0xc0000005) at pc=0x00007ffd133441dd, pid=18420, tid=18076
#
# JRE version: OpenJDK Runtime Environment Temurin-21.0.6+7 (21.0.6+7) (build 21.0.6+7-LTS)
# Java VM: OpenJDK 64-Bit Server VM Temurin-21.0.6+7 (21.0.6+7-LTS, mixed mode, sharing, tiered, compressed oops, compressed class ptrs, parallel gc, windows-amd64)
# Problematic frame:
# V  [jvm.dll+0x1441dd]
#
# No core dump will be written. Minidumps are not enabled by default on client versions of Windows
#
# If you would like to submit a bug report, please visit:
#   https://github.com/adoptium/adoptium-support/issues
#

---------------  S U M M A R Y ------------

Command Line: --add-modules=ALL-SYSTEM --add-opens=java.base/java.util=ALL-UNNAMED --add-opens=java.base/java.lang=ALL-UNNAMED --add-opens=java.base/sun.nio.fs=ALL-UNNAMED -Declipse.application=org.eclipse.jdt.ls.core.id1 -Dosgi.bundles.defaultStartLevel=4 -Declipse.product=org.eclipse.jdt.ls.core.product -Djava.import.generatesMetadataFilesAtProjectRoot=false -DDetectVMInstallationsJob.disabled=true -Dfile.encoding=utf8 -XX:+UseParallelGC -XX:GCTimeRatio=4 -XX:AdaptiveSizePolicyWeight=90 -Dsun.zip.disableMemoryMapping=true -Xmx1G -Xms100m -Xlog:disable -javaagent:c:\Users\piogr\.vscode\extensions\redhat.java-1.40.0-win32-x64\lombok\lombok-1.18.36.jar -XX:+HeapDumpOnOutOfMemoryError -XX:HeapDumpPath=c:\Users\piogr\AppData\Roaming\Code\User\workspaceStorage\5160f9f0d6565c2255b0edf246cc32b3\redhat.java -Daether.dependencyCollector.impl=bf c:\Users\piogr\.vscode\extensions\redhat.java-1.40.0-win32-x64\server\plugins\org.eclipse.equinox.launcher_1.6.1000.v20250131-0606.jar -configuration c:\Users\piogr\AppData\Roaming\Code\User\globalStorage\redhat.java\1.40.0\config_win -data c:\Users\piogr\AppData\Roaming\Code\User\workspaceStorage\5160f9f0d6565c2255b0edf246cc32b3\redhat.java\jdt_ws --pipe=\\.\pipe\lsp-1d95b6ced9cd98f9ed59a734aeb82d96-sock

Host: AMD Ryzen 5 2600 Six-Core Processor            , 12 cores, 15G,  Windows 10 , 64 bit Build 19041 (10.0.19041.5438)
Time: Thu Mar  6 14:10:38 2025  Windows 10 , 64 bit Build 19041 (10.0.19041.5438) elapsed time: 4157.069431 seconds (0d 1h 9m 17s)

---------------  T H R E A D  ---------------

Current thread (0x000001bc5f9b2090):  JavaThread "C2 CompilerThread0" daemon [_thread_in_native, id=18076, stack(0x0000005e36000000,0x0000005e36100000) (1024K)]


Current CompileTask:
C2:4157070 28546       4       org.eclipse.jdt.internal.compiler.parser.Parser::consumeRule (7755 bytes)

Stack: [0x0000005e36000000,0x0000005e36100000],  sp=0x0000005e360fc890,  free space=1010k
Native frames: (J=compiled Java code, j=interpreted, Vv=VM code, C=native code)
V  [jvm.dll+0x1441dd]
V  [jvm.dll+0x144643]
V  [jvm.dll+0x143ffd]
V  [jvm.dll+0x6d35ec]
V  [jvm.dll+0x247dbd]
V  [jvm.dll+0x246fcf]
V  [jvm.dll+0x1c75ee]
V  [jvm.dll+0x25685a]
V  [jvm.dll+0x254dfa]
V  [jvm.dll+0x3f0256]
V  [jvm.dll+0x851f8b]
V  [jvm.dll+0x6cc5ed]
C  [ucrtbase.dll+0x21bb2]
C  [KERNEL32.DLL+0x17374]
C  [ntdll.dll+0x4cc91]


siginfo: EXCEPTION_ACCESS_VIOLATION (0xc0000005), reading address 0x0000000000000000


Registers:
RAX=0x000001bc676d3e08, RBX=0x0000000000000000, RCX=0x0000000000000000, RDX=0x00000000fffffdb0
RSP=0x0000005e360fc890, RBP=0x000001bc64097358, RSI=0x0000000000000084, RDI=0x00007ffd13ed8c75
R8 =0x000000000000000c, R9 =0x00007ffd13ed8be0, R10=0x00007ffd13ed8e29, R11=0x00007ffd13200000
R12=0x0000000000000008, R13=0x0000000000000420, R14=0x000001bc64097358, R15=0x000001bc676d50d0
RIP=0x00007ffd133441dd, EFLAGS=0x0000000000010297

XMM[0]=0x000001bc678d93b0 0x000001bc678d93b0
XMM[1]=0x0000000000000000 0x000001bc667d8a88
XMM[2]=0x0000000000000000 0x0000000000000000
XMM[3]=0x0000000000000000 0x0000000000000000
XMM[4]=0x0000000000000000 0x0000000000000000
XMM[5]=0x0000000000000000 0x0000000000000000
XMM[6]=0x0000000000000000 0x0000000000000000
XMM[7]=0x0000000000000000 0x0000000000000000
XMM[8]=0x0000000000000000 0x0000000000000000
XMM[9]=0x0000000000000000 0x0000000000000000
XMM[10]=0x0000000000000000 0x0000000000000000
XMM[11]=0x0000000000000000 0x0000000000000000
XMM[12]=0x0000000000000000 0x0000000000000000
XMM[13]=0x0000000000000000 0x0000000000000000
XMM[14]=0x0000000000000000 0x0000000000000000
XMM[15]=0x0000000000000000 0x0000000000000000
  MXCSR=0x00001fb3


Register to memory mapping:

RAX=0x000001bc676d3e08 points into unknown readable memory: 0x000001bc678d93b0 | b0 93 8d 67 bc 01 00 00
RBX=0x0 is null
RCX=0x0 is null
RDX=0x00000000fffffdb0 is an unallocated location in the heap
RSP=0x0000005e360fc890 is pointing into the stack for thread: 0x000001bc5f9b2090
RBP=0x000001bc64097358 points into unknown readable memory: 0x00007ffd13ba30c8 | c8 30 ba 13 fd 7f 00 00
RSI=0x0000000000000084 is an unknown value
RDI=0x00007ffd13ed8c75 jvm.dll
R8 =0x000000000000000c is an unknown value
R9 =0x00007ffd13ed8be0 jvm.dll
R10=0x00007ffd13ed8e29 jvm.dll
R11=0x00007ffd13200000 jvm.dll
R12=0x0000000000000008 is an unknown value
R13=0x0000000000000420 is an unknown value
R14=0x000001bc64097358 points into unknown readable memory: 0x00007ffd13ba30c8 | c8 30 ba 13 fd 7f 00 00
R15=0x000001bc676d50d0 points into unknown readable memory: 0x0000000000000000 | 00 00 00 00 00 00 00 00

Top of Stack: (sp=0x0000005e360fc890)
0x0000005e360fc890:   000001bc676d50a8 0000000000000004
0x0000005e360fc8a0:   0000000000000000 0000000000000000
0x0000005e360fc8b0:   0000000cfffffdb0 000001bc72a14920
0x0000005e360fc8c0:   000001bc676d50a8 0000025400000004
0x0000005e360fc8d0:   0000005e360fcf90 0000000000000108
0x0000005e360fc8e0:   000001bc640bc6c8 000000000000469c
0x0000005e360fc8f0:   000001bc1c8c33a0 00007ffdc8416a2d
0x0000005e360fc900:   0000005e360fc9d8 000001bc66e5a260
0x0000005e360fc910:   0000000000000000 0000000000000178
0x0000005e360fc920:   0000000000007fd8 00007ffd132c4f7e
0x0000005e360fc930:   00007ffd13e280d0 0000000000000008
0x0000005e360fc940:   000001bc00000000 00007ffd134e6711
0x0000005e360fc950:   0000000000000004 000001bc667d8e48
0x0000005e360fc960:   0000000000000004 0000000000000013
0x0000005e360fc970:   000029c8b1fce88c 00007ffd13344e90
0x0000005e360fc980:   0000000000000254 0000005e360fcf90
0x0000005e360fc990:   ffffffffffffffff 00000000ffffffff
0x0000005e360fc9a0:   000001bc676d50a8 0000000000000001
0x0000005e360fc9b0:   000001bc66e5a260 00007ffd13344643
0x0000005e360fc9c0:   000001bc64097358 000001bc66e5a260
0x0000005e360fc9d0:   000001bc64097358 000001bc676d50a8
0x0000005e360fc9e0:   000001bc72a14920 000001bc7394ea00
0x0000005e360fc9f0:   0000005e360fe470 0000000000000000
0x0000005e360fca00:   000001bc72a01970 0000005e360fd4f0
0x0000005e360fca10:   000001bc7373e810 000001bc676d50a8
0x0000005e360fca20:   0000005e360fcae9 00007ffd13343ffd
0x0000005e360fca30:   0000000000000002 000001bc729faa98
0x0000005e360fca40:   000001bc00000254 000001bc66e5a260
0x0000005e360fca50:   000001bc1c8c33a0 000001bc66e5a260
0x0000005e360fca60:   000001bc00000400 000001bc1c8c33a0
0x0000005e360fca70:   000001bc72a282d0 000001bc00000220
0x0000005e360fca80:   000001bc1c8c33a0 00000000000004a8 

Instructions: (pc=0x00007ffd133441dd)
0x00007ffd133440dd:   00 00 44 89 44 24 3c 48 89 7c 24 28 89 74 24 38
0x00007ffd133440ed:   e8 7e fe 5d 00 33 c9 48 85 c0 74 14 45 8b c4 8b
0x00007ffd133440fd:   d6 48 8b c8 e8 0a 5d 57 00 4c 8b f8 33 c9 eb 03
0x00007ffd1334410d:   4c 8b f9 41 8b 46 2c 49 8b ee 83 e0 1f 3c 1e 49
0x00007ffd1334411d:   8b 06 48 0f 45 e9 49 8b ce ff 90 90 00 00 00 48
0x00007ffd1334412d:   89 44 24 50 33 c0 8b f0 45 85 ed 0f 8e 97 01 00
0x00007ffd1334413d:   00 44 8b 44 24 38 4c 8d 1d b6 be eb ff 45 03 c4
0x00007ffd1334414d:   48 89 44 24 48 ba b8 fd ff ff 44 89 44 24 24 41
0x00007ffd1334415d:   2b d4 4c 8d 15 c3 4c b9 00 89 54 24 20 4c 8d 0d
0x00007ffd1334416d:   6f 4a b9 00 44 8b e8 0f 1f 40 00 0f 1f 84 00 00
0x00007ffd1334417d:   00 00 00 48 63 c6 8b ce 48 c1 f8 05 83 e1 1f 8b
0x00007ffd1334418d:   04 87 0f a3 c8 0f 83 27 01 00 00 83 fe ff 74 32
0x00007ffd1334419d:   81 fe 48 02 00 00 7d 0a 4b 8b bc 2b 20 46 c2 00
0x00007ffd133441ad:   eb 23 8d 0c 32 42 8d 04 21 41 3b c4 7d 0c 41 8d
0x00007ffd133441bd:   04 08 48 63 f8 49 03 fa eb 0b 48 63 f9 49 03 fa
0x00007ffd133441cd:   eb 03 49 8b f9 48 8b 43 08 4a 8b 1c 28 48 8b cb
0x00007ffd133441dd:   48 8b 03 ff 50 28 4c 8d 1d 16 be eb ff 4c 8b c0
0x00007ffd133441ed:   48 63 50 10 48 8b ca 48 c1 e1 05 42 80 bc 19 20
0x00007ffd133441fd:   a1 c3 00 00 0f 84 98 02 00 00 4c 8d 0d d2 49 b9
0x00007ffd1334420d:   00 40 f6 c6 01 0f 85 5b 03 00 00 8b d7 41 2b d1
0x00007ffd1334421d:   ff ca 8b c2 25 ff 3f 00 00 3b d0 0f 84 d5 00 00
0x00007ffd1334422d:   00 33 d2 48 8d 4c 24 60 e8 f6 a8 58 00 48 8d 15
0x00007ffd1334423d:   ff 68 8a 00 48 8d 4c 24 60 e8 95 bc 58 00 48 8d
0x00007ffd1334424d:   54 24 60 48 8b cf e8 28 64 77 00 33 d2 48 8d 4c
0x00007ffd1334425d:   24 60 e8 ac ac 58 00 48 8b d8 45 33 c0 48 8b 44
0x00007ffd1334426d:   24 40 48 8b d3 48 8b 78 10 48 8b 8f 68 01 00 00
0x00007ffd1334427d:   e8 ae 5f 0a 00 48 8b d3 48 8b cf e8 13 de 10 00
0x00007ffd1334428d:   48 8d 4c 24 60 e8 d9 a9 58 00 48 8b 5c 24 30 4c
0x00007ffd1334429d:   8d 1d 5d bd eb ff 4c 8d 0d 36 49 b9 00 44 8b 44
0x00007ffd133442ad:   24 24 4c 8d 15 73 4b b9 00 8b 54 24 20 48 8b 7c
0x00007ffd133442bd:   24 28 48 83 44 24 48 02 ff c6 49 83 c5 08 3b 74
0x00007ffd133442cd:   24 3c 0f 8c ab fe ff ff 49 8b c7 48 8b 8c 24 e0 


Stack slot to memory mapping:

stack at sp + 0 slots: 0x000001bc676d50a8 points into unknown readable memory: 0x000001bc676d3952 | 52 39 6d 67 bc 01 00 00
stack at sp + 1 slots: 0x0000000000000004 is an unknown value
stack at sp + 2 slots: 0x0 is null
stack at sp + 3 slots: 0x0 is null
stack at sp + 4 slots: 0x0000000cfffffdb0 is an unknown value
stack at sp + 5 slots: 0x000001bc72a14920 points into unknown readable memory: 0x00000000c0030000 | 00 00 03 c0 00 00 00 00
stack at sp + 6 slots: 0x000001bc676d50a8 points into unknown readable memory: 0x000001bc676d3952 | 52 39 6d 67 bc 01 00 00
stack at sp + 7 slots: 0x0000025400000004 is an unknown value


---------------  P R O C E S S  ---------------

Threads class SMR info:
_java_thread_list=0x000001bc73196370, length=73, elements={
0x000001bc084e04c0, 0x000001bc1c8ce520, 0x000001bc1c8cfe20, 0x000001bc1c8d1fb0,
0x000001bc1c8d2ec0, 0x000001bc1c8dc950, 0x000001bc1c8de0e0, 0x000001bc5f9b2090,
0x000001bc5f9bc0f0, 0x000001bc0854c510, 0x000001bc5fc725e0, 0x000001bc646659f0,
0x000001bc64722de0, 0x000001bc64734790, 0x000001bc647eb250, 0x000001bc64940c90,
0x000001bc64c020e0, 0x000001bc64865b10, 0x000001bc648633b0, 0x000001bc64863a40,
0x000001bc670459e0, 0x000001bc6703f0e0, 0x000001bc67040b20, 0x000001bc67043910,
0x000001bc67044630, 0x000001bc67046070, 0x000001bc67042bf0, 0x000001bc67044cc0,
0x000001bc67041ed0, 0x000001bc67045350, 0x000001bc67046700, 0x000001bc6703f770,
0x000001bc67041840, 0x000001bc6703fe00, 0x000001bc6881b110, 0x000001bc68817c90,
0x000001bc715d0410, 0x000001bc715ce340, 0x000001bc640eb540, 0x000001bc640ec260,
0x000001bc640edca0, 0x000001bc71a372a0, 0x000001bc71a37fc0, 0x000001bc71a39a00,
0x000001bc68815530, 0x000001bc71a3a720, 0x000001bc71a36580, 0x000001bc71a3a090,
0x000001bc71a36c10, 0x000001bc688189b0, 0x000001bc640f0a90, 0x000001bc640ed610,
0x000001bc67040490, 0x000001bc715ce9d0, 0x000001bc640f0400, 0x000001bc640f1120,
0x000001bc64865480, 0x000001bc6881c4c0, 0x000001bc68816250, 0x000001bc688196d0,
0x000001bc71a351d0, 0x000001bc71a34b40, 0x000001bc715d4c40, 0x000001bc715d1130,
0x000001bc715d24e0, 0x000001bc715cf060, 0x000001bc71a35ef0, 0x000001bc640ee9c0,
0x000001bc640ef6e0, 0x000001bc640f24d0, 0x000001bc640f1e40, 0x000001bc6881a3f0,
0x000001bc6881aa80
}

Java Threads: ( => current thread )
  0x000001bc084e04c0 JavaThread "main"                              [_thread_blocked, id=17772, stack(0x0000005e35600000,0x0000005e35700000) (1024K)]
  0x000001bc1c8ce520 JavaThread "Reference Handler"          daemon [_thread_blocked, id=17116, stack(0x0000005e35a00000,0x0000005e35b00000) (1024K)]
  0x000001bc1c8cfe20 JavaThread "Finalizer"                  daemon [_thread_blocked, id=18044, stack(0x0000005e35b00000,0x0000005e35c00000) (1024K)]
  0x000001bc1c8d1fb0 JavaThread "Signal Dispatcher"          daemon [_thread_blocked, id=17780, stack(0x0000005e35c00000,0x0000005e35d00000) (1024K)]
  0x000001bc1c8d2ec0 JavaThread "Attach Listener"            daemon [_thread_blocked, id=17284, stack(0x0000005e35d00000,0x0000005e35e00000) (1024K)]
  0x000001bc1c8dc950 JavaThread "Service Thread"             daemon [_thread_blocked, id=17128, stack(0x0000005e35e00000,0x0000005e35f00000) (1024K)]
  0x000001bc1c8de0e0 JavaThread "Monitor Deflation Thread"   daemon [_thread_blocked, id=18084, stack(0x0000005e35f00000,0x0000005e36000000) (1024K)]
=>0x000001bc5f9b2090 JavaThread "C2 CompilerThread0"         daemon [_thread_in_native, id=18076, stack(0x0000005e36000000,0x0000005e36100000) (1024K)]
  0x000001bc5f9bc0f0 JavaThread "C1 CompilerThread0"         daemon [_thread_blocked, id=18088, stack(0x0000005e36100000,0x0000005e36200000) (1024K)]
  0x000001bc0854c510 JavaThread "Common-Cleaner"             daemon [_thread_blocked, id=12540, stack(0x0000005e36200000,0x0000005e36300000) (1024K)]
  0x000001bc5fc725e0 JavaThread "Notification Thread"        daemon [_thread_blocked, id=18228, stack(0x0000005e36400000,0x0000005e36500000) (1024K)]
  0x000001bc646659f0 JavaThread "Active Thread: Equinox Container: f67a0b7b-7d3e-4185-96eb-d81f9960887e"        [_thread_blocked, id=16360, stack(0x0000005e36c00000,0x0000005e36d00000) (1024K)]
  0x000001bc64722de0 JavaThread "Refresh Thread: Equinox Container: f67a0b7b-7d3e-4185-96eb-d81f9960887e" daemon [_thread_blocked, id=5668, stack(0x0000005e36d00000,0x0000005e36e00000) (1024K)]
  0x000001bc64734790 JavaThread "Framework Event Dispatcher: Equinox Container: f67a0b7b-7d3e-4185-96eb-d81f9960887e" daemon [_thread_blocked, id=17740, stack(0x0000005e36e00000,0x0000005e36f00000) (1024K)]
  0x000001bc647eb250 JavaThread "Start Level: Equinox Container: f67a0b7b-7d3e-4185-96eb-d81f9960887e" daemon [_thread_blocked, id=16976, stack(0x0000005e37000000,0x0000005e37100000) (1024K)]
  0x000001bc64940c90 JavaThread "Bundle File Closer"         daemon [_thread_blocked, id=17728, stack(0x0000005e37100000,0x0000005e37200000) (1024K)]
  0x000001bc64c020e0 JavaThread "SCR Component Actor"        daemon [_thread_blocked, id=18116, stack(0x0000005e36500000,0x0000005e36600000) (1024K)]
  0x000001bc64865b10 JavaThread "Worker-JM"                         [_thread_blocked, id=17804, stack(0x0000005e37500000,0x0000005e37600000) (1024K)]
  0x000001bc648633b0 JavaThread "JNA Cleaner"                daemon [_thread_blocked, id=18240, stack(0x0000005e36300000,0x0000005e36400000) (1024K)]
  0x000001bc64863a40 JavaThread "Java indexing"              daemon [_thread_blocked, id=16048, stack(0x0000005e37c00000,0x0000005e37d00000) (1024K)]
  0x000001bc670459e0 JavaThread "Thread-2"                   daemon [_thread_in_native, id=18316, stack(0x0000005e38100000,0x0000005e38200000) (1024K)]
  0x000001bc6703f0e0 JavaThread "Thread-3"                   daemon [_thread_in_native, id=18220, stack(0x0000005e38200000,0x0000005e38300000) (1024K)]
  0x000001bc67040b20 JavaThread "Thread-4"                   daemon [_thread_in_native, id=15080, stack(0x0000005e38300000,0x0000005e38400000) (1024K)]
  0x000001bc67043910 JavaThread "Thread-5"                   daemon [_thread_in_native, id=18188, stack(0x0000005e38400000,0x0000005e38500000) (1024K)]
  0x000001bc67044630 JavaThread "Thread-6"                   daemon [_thread_in_native, id=9364, stack(0x0000005e38500000,0x0000005e38600000) (1024K)]
  0x000001bc67046070 JavaThread "Thread-7"                   daemon [_thread_in_native, id=16528, stack(0x0000005e38600000,0x0000005e38700000) (1024K)]
  0x000001bc67042bf0 JavaThread "Thread-8"                   daemon [_thread_in_native, id=16532, stack(0x0000005e38700000,0x0000005e38800000) (1024K)]
  0x000001bc67044cc0 JavaThread "Thread-9"                   daemon [_thread_in_native, id=17952, stack(0x0000005e38800000,0x0000005e38900000) (1024K)]
  0x000001bc67041ed0 JavaThread "Thread-10"                  daemon [_thread_in_native, id=10440, stack(0x0000005e38900000,0x0000005e38a00000) (1024K)]
  0x000001bc67045350 JavaThread "Thread-11"                  daemon [_thread_in_native, id=17076, stack(0x0000005e38a00000,0x0000005e38b00000) (1024K)]
  0x000001bc67046700 JavaThread "Thread-12"                  daemon [_thread_in_native, id=17668, stack(0x0000005e38b00000,0x0000005e38c00000) (1024K)]
  0x000001bc6703f770 JavaThread "Thread-13"                  daemon [_thread_in_native, id=17700, stack(0x0000005e38c00000,0x0000005e38d00000) (1024K)]
  0x000001bc67041840 JavaThread "Thread-14"                  daemon [_thread_in_native, id=9976, stack(0x0000005e38d00000,0x0000005e38e00000) (1024K)]
  0x000001bc6703fe00 JavaThread "pool-2-thread-1"                   [_thread_blocked, id=9980, stack(0x0000005e38e00000,0x0000005e38f00000) (1024K)]
  0x000001bc6881b110 JavaThread "WorkspaceEventsHandler"            [_thread_blocked, id=15584, stack(0x0000005e38f00000,0x0000005e39000000) (1024K)]
  0x000001bc68817c90 JavaThread "pool-1-thread-1"                   [_thread_blocked, id=17836, stack(0x0000005e39000000,0x0000005e39100000) (1024K)]
  0x000001bc715d0410 JavaThread "Timer-0"                           [_thread_blocked, id=18212, stack(0x0000005e39f00000,0x0000005e3a000000) (1024K)]
  0x000001bc715ce340 JavaThread "ForkJoinPool.commonPool-worker-3" daemon [_thread_blocked, id=19184, stack(0x0000005e3a200000,0x0000005e3a300000) (1024K)]
  0x000001bc640eb540 JavaThread "ForkJoinPool.commonPool-worker-6" daemon [_thread_blocked, id=18924, stack(0x0000005e37800000,0x0000005e37900000) (1024K)]
  0x000001bc640ec260 JavaThread "ForkJoinPool.commonPool-worker-10" daemon [_thread_blocked, id=18960, stack(0x0000005e3a800000,0x0000005e3a900000) (1024K)]
  0x000001bc640edca0 JavaThread "Cleaner-0"                  daemon [_thread_blocked, id=18832, stack(0x0000005e3ad00000,0x0000005e3ae00000) (1024K)]
  0x000001bc71a372a0 JavaThread "Java Debug Server"          daemon [_thread_in_native, id=14632, stack(0x0000005e39500000,0x0000005e39600000) (1024K)]
  0x000001bc71a37fc0 JavaThread "RxSchedulerPurge-1"         daemon [_thread_blocked, id=8948, stack(0x0000005e39700000,0x0000005e39800000) (1024K)]
  0x000001bc71a39a00 JavaThread "RxCachedWorkerPoolEvictor-1" daemon [_thread_blocked, id=7672, stack(0x0000005e39800000,0x0000005e39900000) (1024K)]
  0x000001bc68815530 JavaThread "pool-3-thread-4"                   [_thread_in_native, id=5620, stack(0x0000005e35300000,0x0000005e35400000) (1024K)]
  0x000001bc71a3a720 JavaThread "process reaper (pid 18512)" daemon [_thread_in_native, id=1304, stack(0x0000005e34fa0000,0x0000005e34fc0000) (128K)]
  0x000001bc71a36580 JavaThread "ForkJoinPool.commonPool-worker-13" daemon [_thread_blocked, id=236, stack(0x0000005e35500000,0x0000005e35600000) (1024K)]
  0x000001bc71a3a090 JavaThread "ForkJoinPool.commonPool-worker-14" daemon [_thread_blocked, id=3360, stack(0x0000005e37400000,0x0000005e37500000) (1024K)]
  0x000001bc71a36c10 JavaThread "ForkJoinPool.commonPool-worker-15" daemon [_thread_blocked, id=9036, stack(0x0000005e37600000,0x0000005e37700000) (1024K)]
  0x000001bc688189b0 JavaThread "Worker-35"                         [_thread_blocked, id=8528, stack(0x0000005e37b00000,0x0000005e37c00000) (1024K)]
  0x000001bc640f0a90 JavaThread "ForkJoinPool.commonPool-worker-18" daemon [_thread_blocked, id=18760, stack(0x0000005e37900000,0x0000005e37a00000) (1024K)]
  0x000001bc640ed610 JavaThread "ForkJoinPool.commonPool-worker-19" daemon [_thread_blocked, id=2792, stack(0x0000005e37a00000,0x0000005e37b00000) (1024K)]
  0x000001bc67040490 JavaThread "ForkJoinPool.commonPool-worker-20" daemon [_thread_blocked, id=6568, stack(0x0000005e39900000,0x0000005e39a00000) (1024K)]
  0x000001bc715ce9d0 JavaThread "ForkJoinPool.commonPool-worker-21" daemon [_thread_blocked, id=15816, stack(0x0000005e37f00000,0x0000005e38000000) (1024K)]
  0x000001bc640f0400 JavaThread "ForkJoinPool.commonPool-worker-22" daemon [_thread_blocked, id=6136, stack(0x0000005e38000000,0x0000005e38100000) (1024K)]
  0x000001bc640f1120 JavaThread "Worker-48"                         [_thread_blocked, id=17888, stack(0x0000005e39100000,0x0000005e39200000) (1024K)]
  0x000001bc64865480 JavaThread "Worker-52"                         [_thread_blocked, id=9272, stack(0x0000005e3a600000,0x0000005e3a700000) (1024K)]
  0x000001bc6881c4c0 JavaThread "Compiler Source File Reader" daemon [_thread_blocked, id=5744, stack(0x0000005e39a00000,0x0000005e39b00000) (1024K)]
  0x000001bc68816250 JavaThread "Compiler Source File Reader" daemon [_thread_blocked, id=6856, stack(0x0000005e39600000,0x0000005e39700000) (1024K)]
  0x000001bc688196d0 JavaThread "Compiler Source File Reader" daemon [_thread_blocked, id=3896, stack(0x0000005e39b00000,0x0000005e39c00000) (1024K)]
  0x000001bc71a351d0 JavaThread "Compiler Source File Reader" daemon [_thread_blocked, id=9936, stack(0x0000005e35400000,0x0000005e35500000) (1024K)]
  0x000001bc71a34b40 JavaThread "Worker-53"                         [_thread_blocked, id=11112, stack(0x0000005e37e00000,0x0000005e37f00000) (1024K)]
  0x000001bc715d4c40 JavaThread "pool-1-thread-17"                  [_thread_blocked, id=13428, stack(0x0000005e39c00000,0x0000005e39d00000) (1024K)]
  0x000001bc715d1130 JavaThread "Worker-54"                         [_thread_blocked, id=6508, stack(0x0000005e37700000,0x0000005e37800000) (1024K)]
  0x000001bc715d24e0 JavaThread "Compiler Source File Reader" daemon [_thread_blocked, id=2680, stack(0x0000005e37d00000,0x0000005e37e00000) (1024K)]
  0x000001bc715cf060 JavaThread "Compiler Processing Task"   daemon [_thread_blocked, id=17852, stack(0x0000005e39400000,0x0000005e39500000) (1024K)]
  0x000001bc71a35ef0 JavaThread "RxNewThreadScheduler-27"    daemon [_thread_blocked, id=18064, stack(0x0000005e39200000,0x0000005e39300000) (1024K)]
  0x000001bc640ee9c0 JavaThread "Compiler Source File Reader" daemon [_thread_blocked, id=19080, stack(0x0000005e39e00000,0x0000005e39f00000) (1024K)]
  0x000001bc640ef6e0 JavaThread "Compiler Source File Reader" daemon [_thread_blocked, id=10312, stack(0x0000005e3a000000,0x0000005e3a100000) (1024K)]
  0x000001bc640f24d0 JavaThread "Compiler Source File Reader" daemon [_thread_blocked, id=5836, stack(0x0000005e3a100000,0x0000005e3a200000) (1024K)]
  0x000001bc640f1e40 JavaThread "Compiler Source File Reader" daemon [_thread_blocked, id=240, stack(0x0000005e3a300000,0x0000005e3a400000) (1024K)]
  0x000001bc6881a3f0 JavaThread "Compiler Source File Reader" daemon [_thread_blocked, id=9492, stack(0x0000005e3a400000,0x0000005e3a500000) (1024K)]
  0x000001bc6881aa80 JavaThread "Worker-55"                         [_thread_blocked, id=2408, stack(0x0000005e3a700000,0x0000005e3a800000) (1024K)]
Total: 73

Other Threads:
  0x000001bc1c8c42a0 VMThread "VM Thread"                           [id=17132, stack(0x0000005e35900000,0x0000005e35a00000) (1024K)]
  0x000001bc0854aeb0 WatcherThread "VM Periodic Task Thread"        [id=17136, stack(0x0000005e35800000,0x0000005e35900000) (1024K)]
  0x000001bc084ff4e0 WorkerThread "GC Thread#0"                     [id=16952, stack(0x0000005e35700000,0x0000005e35800000) (1024K)]
  0x000001bc6425dca0 WorkerThread "GC Thread#1"                     [id=17080, stack(0x0000005e36600000,0x0000005e36700000) (1024K)]
  0x000001bc5fd40f80 WorkerThread "GC Thread#2"                     [id=17960, stack(0x0000005e36700000,0x0000005e36800000) (1024K)]
  0x000001bc644227a0 WorkerThread "GC Thread#3"                     [id=2108, stack(0x0000005e36800000,0x0000005e36900000) (1024K)]
  0x000001bc64422d50 WorkerThread "GC Thread#4"                     [id=10788, stack(0x0000005e36900000,0x0000005e36a00000) (1024K)]
  0x000001bc644230f0 WorkerThread "GC Thread#5"                     [id=17972, stack(0x0000005e36a00000,0x0000005e36b00000) (1024K)]
  0x000001bc64423490 WorkerThread "GC Thread#6"                     [id=15108, stack(0x0000005e36b00000,0x0000005e36c00000) (1024K)]
  0x000001bc647ea660 WorkerThread "GC Thread#7"                     [id=17760, stack(0x0000005e36f00000,0x0000005e37000000) (1024K)]
  0x000001bc647ddff0 WorkerThread "GC Thread#8"                     [id=1204, stack(0x0000005e37200000,0x0000005e37300000) (1024K)]
  0x000001bc647dd170 WorkerThread "GC Thread#9"                     [id=7984, stack(0x0000005e37300000,0x0000005e37400000) (1024K)]
Total: 12

Threads with active compile tasks:
C2 CompilerThread0  4157225 28546       4       org.eclipse.jdt.internal.compiler.parser.Parser::consumeRule (7755 bytes)
Total: 1

VM state: not at safepoint (normal execution)

VM Mutex/Monitor currently owned by a thread: None

Heap address: 0x00000000c0000000, size: 1024 MB, Compressed Oops mode: 32-bit

CDS archive(s) mapped at: [0x000001bc1d000000-0x000001bc1dba0000-0x000001bc1dba0000), size 12189696, SharedBaseAddress: 0x000001bc1d000000, ArchiveRelocationMode: 1.
Compressed class space mapped at: 0x000001bc1e000000-0x000001bc5e000000, reserved size: 1073741824
Narrow klass base: 0x000001bc1d000000, Narrow klass shift: 0, Narrow klass range: 0x100000000

GC Precious Log:
 CardTable entry size: 512
 CPUs: 12 total, 12 available
 Memory: 16309M
 Large Page Support: Disabled
 NUMA Support: Disabled
 Compressed Oops: Enabled (32-bit)
 Alignments: Space 512K, Generation 512K, Heap 2M
 Heap Min Capacity: 100M
 Heap Initial Capacity: 100M
 Heap Max Capacity: 1G
 Pre-touch: Disabled
 Parallel Workers: 10

Heap:
 PSYoungGen      total 5120K, used 4252K [0x00000000eab00000, 0x00000000eb300000, 0x0000000100000000)
  eden space 4608K, 84% used [0x00000000eab00000,0x00000000eaec9f58,0x00000000eaf80000)
  from space 512K, 72% used [0x00000000eb200000,0x00000000eb25d200,0x00000000eb280000)
  to   space 512K, 0% used [0x00000000eb280000,0x00000000eb280000,0x00000000eb300000)
 ParOldGen       total 519680K, used 519651K [0x00000000c0000000, 0x00000000dfb80000, 0x00000000eab00000)
  object space 519680K, 99% used [0x00000000c0000000,0x00000000dfb78d00,0x00000000dfb80000)
 Metaspace       used 99314K, committed 101056K, reserved 1179648K
  class space    used 10243K, committed 11072K, reserved 1048576K

Card table byte_map: [0x000001bc07e90000,0x000001bc080a0000] _byte_map_base: 0x000001bc07890000

Marking Bits: (ParMarkBitMap*) 0x00007ffd13eb3260
 Begin Bits: [0x000001bc1a6e0000, 0x000001bc1b6e0000)
 End Bits:   [0x000001bc1b6e0000, 0x000001bc1c6e0000)

Polling page: 0x000001bc064c0000

Metaspace:

Usage:
  Non-class:     86.98 MB used.
      Class:     10.00 MB used.
       Both:     96.99 MB used.

Virtual space:
  Non-class space:      128.00 MB reserved,      87.88 MB ( 69%) committed,  2 nodes.
      Class space:        1.00 GB reserved,      10.81 MB (  1%) committed,  1 nodes.
             Both:        1.12 GB reserved,      98.69 MB (  9%) committed. 

Chunk freelists:
   Non-Class:  7.55 MB
       Class:  5.03 MB
        Both:  12.58 MB

MaxMetaspaceSize: unlimited
CompressedClassSpaceSize: 1.00 GB
Initial GC threshold: 21.00 MB
Current GC threshold: 163.75 MB
CDS: on
 - commit_granule_bytes: 65536.
 - commit_granule_words: 8192.
 - virtual_space_node_default_size: 8388608.
 - enlarge_chunks_in_place: 1.
 - use_allocation_guard: 0.


Internal statistics:

num_allocs_failed_limit: 9.
num_arena_births: 2088.
num_arena_deaths: 520.
num_vsnodes_births: 3.
num_vsnodes_deaths: 0.
num_space_committed: 1579.
num_space_uncommitted: 0.
num_chunks_returned_to_freelist: 591.
num_chunks_taken_from_freelist: 7361.
num_chunk_merges: 141.
num_chunk_splits: 4185.
num_chunks_enlarged: 2237.
num_inconsistent_stats: 0.

CodeHeap 'non-profiled nmethods': size=120000Kb used=20696Kb max_used=21930Kb free=99303Kb
 bounds [0x000001bc131b0000, 0x000001bc14720000, 0x000001bc1a6e0000]
CodeHeap 'profiled nmethods': size=120000Kb used=30934Kb max_used=40328Kb free=89065Kb
 bounds [0x000001bc0b6e0000, 0x000001bc0de50000, 0x000001bc12c10000]
CodeHeap 'non-nmethods': size=5760Kb used=1601Kb max_used=1616Kb free=4158Kb
 bounds [0x000001bc12c10000, 0x000001bc12e80000, 0x000001bc131b0000]
 total_blobs=13715 nmethods=12838 adapters=775
 compilation: enabled
              stopped_count=0, restarted_count=0
 full_count=0

Compilation events (20 events):
Event: 4143.805 Thread 0x000001bc5f9bc0f0 nmethod 28536 0x000001bc0bdb0690 code [0x000001bc0bdb08e0, 0x000001bc0bdb1048]
Event: 4143.805 Thread 0x000001bc5f9b2090 28537       4       org.eclipse.jface.text.AbstractDocument::addPositionCategory (50 bytes)
Event: 4143.826 Thread 0x000001bc5f9b2090 nmethod 28537 0x000001bc141f7810 code [0x000001bc141f7b40, 0x000001bc141f9018]
Event: 4156.842 Thread 0x000001bc5f9b2090 28538   !   4       java.util.concurrent.ConcurrentHashMap::compute (654 bytes)
Event: 4156.860 Thread 0x000001bc5f9bc0f0 28539       3       org.eclipse.jdt.internal.compiler.util.Util::isExcluded (208 bytes)
Event: 4156.861 Thread 0x000001bc5f9bc0f0 nmethod 28539 0x000001bc0c0d8710 code [0x000001bc0c0d8960, 0x000001bc0c0d91e8]
Event: 4156.867 Thread 0x000001bc5f9bc0f0 28541       1       org.eclipse.jdt.internal.compiler.lookup.TypeBinding::dimensions (2 bytes)
Event: 4156.868 Thread 0x000001bc5f9bc0f0 nmethod 28541 0x000001bc133e3d90 code [0x000001bc133e3f20, 0x000001bc133e3fe8]
Event: 4156.872 Thread 0x000001bc5f9bc0f0 28542       3       org.eclipse.jdt.internal.compiler.ast.JavadocMessageSend::<init> (47 bytes)
Event: 4156.873 Thread 0x000001bc5f9bc0f0 nmethod 28542 0x000001bc0ca4f610 code [0x000001bc0ca4f7e0, 0x000001bc0ca4fb48]
Event: 4156.873 Thread 0x000001bc5f9bc0f0 28543   !   3       org.eclipse.jdt.core.dom.MethodRef::getName (60 bytes)
Event: 4156.874 Thread 0x000001bc5f9bc0f0 nmethod 28543 0x000001bc0d193590 code [0x000001bc0d193800, 0x000001bc0d1942d8]
Event: 4156.882 Thread 0x000001bc5f9b2090 nmethod 28538 0x000001bc144aa490 code [0x000001bc144aa8c0, 0x000001bc144ad340]
Event: 4156.882 Thread 0x000001bc5f9b2090 28540       4       org.eclipse.jdt.internal.core.search.matching.JavaSearchNameEnvironment::findType (34 bytes)
Event: 4156.884 Thread 0x000001bc5f9bc0f0 28544       3       org.eclipse.jdt.internal.corext.dom.ASTFlattener::visit (22 bytes)
Event: 4156.884 Thread 0x000001bc5f9bc0f0 nmethod 28544 0x000001bc0bd81690 code [0x000001bc0bd818a0, 0x000001bc0bd81f70]
Event: 4156.899 Thread 0x000001bc5f9b2090 nmethod 28540 0x000001bc13fa8e10 code [0x000001bc13fa9060, 0x000001bc13faa080]
Event: 4156.950 Thread 0x000001bc5f9b2090 28545       4       java.util.LinkedList::unlinkFirst (64 bytes)
Event: 4156.951 Thread 0x000001bc5f9b2090 nmethod 28545 0x000001bc133e9d10 code [0x000001bc133e9ea0, 0x000001bc133e9f78]
Event: 4156.954 Thread 0x000001bc5f9b2090 28546       4       org.eclipse.jdt.internal.compiler.parser.Parser::consumeRule (7755 bytes)

GC Heap History (20 events):
Event: 4156.886 GC heap before
{Heap before GC invocations=10179 (full 14):
 PSYoungGen      total 6656K, used 4954K [0x00000000eab00000, 0x00000000eb400000, 0x0000000100000000)
  eden space 4608K, 100% used [0x00000000eab00000,0x00000000eaf80000,0x00000000eaf80000)
  from space 2048K, 16% used [0x00000000eb100000,0x00000000eb156900,0x00000000eb300000)
  to   space 1024K, 0% used [0x00000000eb300000,0x00000000eb300000,0x00000000eb400000)
 ParOldGen       total 518144K, used 518068K [0x00000000c0000000, 0x00000000dfa00000, 0x00000000eab00000)
  object space 518144K, 99% used [0x00000000c0000000,0x00000000df9ed0f0,0x00000000dfa00000)
 Metaspace       used 99314K, committed 101056K, reserved 1179648K
  class space    used 10243K, committed 11072K, reserved 1048576K
}
Event: 4156.887 GC heap after
{Heap after GC invocations=10179 (full 14):
 PSYoungGen      total 5120K, used 416K [0x00000000eab00000, 0x00000000eb380000, 0x0000000100000000)
  eden space 4608K, 0% used [0x00000000eab00000,0x00000000eab00000,0x00000000eaf80000)
  from space 512K, 81% used [0x00000000eb300000,0x00000000eb368000,0x00000000eb380000)
  to   space 512K, 0% used [0x00000000eb280000,0x00000000eb280000,0x00000000eb300000)
 ParOldGen       total 518656K, used 518148K [0x00000000c0000000, 0x00000000dfa80000, 0x00000000eab00000)
  object space 518656K, 99% used [0x00000000c0000000,0x00000000dfa010f0,0x00000000dfa80000)
 Metaspace       used 99314K, committed 101056K, reserved 1179648K
  class space    used 10243K, committed 11072K, reserved 1048576K
}
Event: 4156.893 GC heap before
{Heap before GC invocations=10180 (full 14):
 PSYoungGen      total 5120K, used 5024K [0x00000000eab00000, 0x00000000eb380000, 0x0000000100000000)
  eden space 4608K, 100% used [0x00000000eab00000,0x00000000eaf80000,0x00000000eaf80000)
  from space 512K, 81% used [0x00000000eb300000,0x00000000eb368000,0x00000000eb380000)
  to   space 512K, 0% used [0x00000000eb280000,0x00000000eb280000,0x00000000eb300000)
 ParOldGen       total 518656K, used 518148K [0x00000000c0000000, 0x00000000dfa80000, 0x00000000eab00000)
  object space 518656K, 99% used [0x00000000c0000000,0x00000000dfa010f0,0x00000000dfa80000)
 Metaspace       used 99314K, committed 101056K, reserved 1179648K
  class space    used 10243K, committed 11072K, reserved 1048576K
}
Event: 4156.894 GC heap after
{Heap after GC invocations=10180 (full 14):
 PSYoungGen      total 5120K, used 512K [0x00000000eab00000, 0x00000000eb380000, 0x0000000100000000)
  eden space 4608K, 0% used [0x00000000eab00000,0x00000000eab00000,0x00000000eaf80000)
  from space 512K, 100% used [0x00000000eb280000,0x00000000eb300000,0x00000000eb300000)
  to   space 512K, 0% used [0x00000000eb300000,0x00000000eb300000,0x00000000eb380000)
 ParOldGen       total 518656K, used 518181K [0x00000000c0000000, 0x00000000dfa80000, 0x00000000eab00000)
  object space 518656K, 99% used [0x00000000c0000000,0x00000000dfa09700,0x00000000dfa80000)
 Metaspace       used 99314K, committed 101056K, reserved 1179648K
  class space    used 10243K, committed 11072K, reserved 1048576K
}
Event: 4156.900 GC heap before
{Heap before GC invocations=10181 (full 14):
 PSYoungGen      total 5120K, used 5120K [0x00000000eab00000, 0x00000000eb380000, 0x0000000100000000)
  eden space 4608K, 100% used [0x00000000eab00000,0x00000000eaf80000,0x00000000eaf80000)
  from space 512K, 100% used [0x00000000eb280000,0x00000000eb300000,0x00000000eb300000)
  to   space 512K, 0% used [0x00000000eb300000,0x00000000eb300000,0x00000000eb380000)
 ParOldGen       total 518656K, used 518181K [0x00000000c0000000, 0x00000000dfa80000, 0x00000000eab00000)
  object space 518656K, 99% used [0x00000000c0000000,0x00000000dfa09700,0x00000000dfa80000)
 Metaspace       used 99314K, committed 101056K, reserved 1179648K
  class space    used 10243K, committed 11072K, reserved 1048576K
}
Event: 4156.901 GC heap after
{Heap after GC invocations=10181 (full 14):
 PSYoungGen      total 5120K, used 346K [0x00000000eab00000, 0x00000000eb380000, 0x0000000100000000)
  eden space 4608K, 0% used [0x00000000eab00000,0x00000000eab00000,0x00000000eaf80000)
  from space 512K, 67% used [0x00000000eb300000,0x00000000eb356900,0x00000000eb380000)
  to   space 512K, 0% used [0x00000000eb280000,0x00000000eb280000,0x00000000eb300000)
 ParOldGen       total 518656K, used 518554K [0x00000000c0000000, 0x00000000dfa80000, 0x00000000eab00000)
  object space 518656K, 99% used [0x00000000c0000000,0x00000000dfa66900,0x00000000dfa80000)
 Metaspace       used 99314K, committed 101056K, reserved 1179648K
  class space    used 10243K, committed 11072K, reserved 1048576K
}
Event: 4156.907 GC heap before
{Heap before GC invocations=10182 (full 14):
 PSYoungGen      total 5120K, used 4954K [0x00000000eab00000, 0x00000000eb380000, 0x0000000100000000)
  eden space 4608K, 100% used [0x00000000eab00000,0x00000000eaf80000,0x00000000eaf80000)
  from space 512K, 67% used [0x00000000eb300000,0x00000000eb356900,0x00000000eb380000)
  to   space 512K, 0% used [0x00000000eb280000,0x00000000eb280000,0x00000000eb300000)
 ParOldGen       total 518656K, used 518554K [0x00000000c0000000, 0x00000000dfa80000, 0x00000000eab00000)
  object space 518656K, 99% used [0x00000000c0000000,0x00000000dfa66900,0x00000000dfa80000)
 Metaspace       used 99314K, committed 101056K, reserved 1179648K
  class space    used 10243K, committed 11072K, reserved 1048576K
}
Event: 4156.908 GC heap after
{Heap after GC invocations=10182 (full 14):
 PSYoungGen      total 5120K, used 352K [0x00000000eab00000, 0x00000000eb380000, 0x0000000100000000)
  eden space 4608K, 0% used [0x00000000eab00000,0x00000000eab00000,0x00000000eaf80000)
  from space 512K, 68% used [0x00000000eb280000,0x00000000eb2d8000,0x00000000eb300000)
  to   space 512K, 0% used [0x00000000eb300000,0x00000000eb300000,0x00000000eb380000)
 ParOldGen       total 519168K, used 518682K [0x00000000c0000000, 0x00000000dfb00000, 0x00000000eab00000)
  object space 519168K, 99% used [0x00000000c0000000,0x00000000dfa86900,0x00000000dfb00000)
 Metaspace       used 99314K, committed 101056K, reserved 1179648K
  class space    used 10243K, committed 11072K, reserved 1048576K
}
Event: 4156.913 GC heap before
{Heap before GC invocations=10183 (full 14):
 PSYoungGen      total 5120K, used 4960K [0x00000000eab00000, 0x00000000eb380000, 0x0000000100000000)
  eden space 4608K, 100% used [0x00000000eab00000,0x00000000eaf80000,0x00000000eaf80000)
  from space 512K, 68% used [0x00000000eb280000,0x00000000eb2d8000,0x00000000eb300000)
  to   space 512K, 0% used [0x00000000eb300000,0x00000000eb300000,0x00000000eb380000)
 ParOldGen       total 519168K, used 518682K [0x00000000c0000000, 0x00000000dfb00000, 0x00000000eab00000)
  object space 519168K, 99% used [0x00000000c0000000,0x00000000dfa86900,0x00000000dfb00000)
 Metaspace       used 99314K, committed 101056K, reserved 1179648K
  class space    used 10243K, committed 11072K, reserved 1048576K
}
Event: 4156.915 GC heap after
{Heap after GC invocations=10183 (full 14):
 PSYoungGen      total 5120K, used 474K [0x00000000eab00000, 0x00000000eb380000, 0x0000000100000000)
  eden space 4608K, 0% used [0x00000000eab00000,0x00000000eab00000,0x00000000eaf80000)
  from space 512K, 92% used [0x00000000eb300000,0x00000000eb376900,0x00000000eb380000)
  to   space 512K, 0% used [0x00000000eb280000,0x00000000eb280000,0x00000000eb300000)
 ParOldGen       total 519168K, used 518682K [0x00000000c0000000, 0x00000000dfb00000, 0x00000000eab00000)
  object space 519168K, 99% used [0x00000000c0000000,0x00000000dfa86900,0x00000000dfb00000)
 Metaspace       used 99314K, committed 101056K, reserved 1179648K
  class space    used 10243K, committed 11072K, reserved 1048576K
}
Event: 4156.920 GC heap before
{Heap before GC invocations=10184 (full 14):
 PSYoungGen      total 5120K, used 5082K [0x00000000eab00000, 0x00000000eb380000, 0x0000000100000000)
  eden space 4608K, 100% used [0x00000000eab00000,0x00000000eaf80000,0x00000000eaf80000)
  from space 512K, 92% used [0x00000000eb300000,0x00000000eb376900,0x00000000eb380000)
  to   space 512K, 0% used [0x00000000eb280000,0x00000000eb280000,0x00000000eb300000)
 ParOldGen       total 519168K, used 518682K [0x00000000c0000000, 0x00000000dfb00000, 0x00000000eab00000)
  object space 519168K, 99% used [0x00000000c0000000,0x00000000dfa86900,0x00000000dfb00000)
 Metaspace       used 99314K, committed 101056K, reserved 1179648K
  class space    used 10243K, committed 11072K, reserved 1048576K
}
Event: 4156.921 GC heap after
{Heap after GC invocations=10184 (full 14):
 PSYoungGen      total 5120K, used 512K [0x00000000eab00000, 0x00000000eb380000, 0x0000000100000000)
  eden space 4608K, 0% used [0x00000000eab00000,0x00000000eab00000,0x00000000eaf80000)
  from space 512K, 100% used [0x00000000eb280000,0x00000000eb300000,0x00000000eb300000)
  to   space 512K, 0% used [0x00000000eb300000,0x00000000eb300000,0x00000000eb380000)
 ParOldGen       total 519168K, used 518698K [0x00000000c0000000, 0x00000000dfb00000, 0x00000000eab00000)
  object space 519168K, 99% used [0x00000000c0000000,0x00000000dfa8a900,0x00000000dfb00000)
 Metaspace       used 99314K, committed 101056K, reserved 1179648K
  class space    used 10243K, committed 11072K, reserved 1048576K
}
Event: 4156.928 GC heap before
{Heap before GC invocations=10185 (full 14):
 PSYoungGen      total 5120K, used 5120K [0x00000000eab00000, 0x00000000eb380000, 0x0000000100000000)
  eden space 4608K, 100% used [0x00000000eab00000,0x00000000eaf80000,0x00000000eaf80000)
  from space 512K, 100% used [0x00000000eb280000,0x00000000eb300000,0x00000000eb300000)
  to   space 512K, 0% used [0x00000000eb300000,0x00000000eb300000,0x00000000eb380000)
 ParOldGen       total 519168K, used 518698K [0x00000000c0000000, 0x00000000dfb00000, 0x00000000eab00000)
  object space 519168K, 99% used [0x00000000c0000000,0x00000000dfa8a900,0x00000000dfb00000)
 Metaspace       used 99314K, committed 101056K, reserved 1179648K
  class space    used 10243K, committed 11072K, reserved 1048576K
}
Event: 4156.930 GC heap after
{Heap after GC invocations=10185 (full 14):
 PSYoungGen      total 5120K, used 500K [0x00000000eab00000, 0x00000000eb380000, 0x0000000100000000)
  eden space 4608K, 0% used [0x00000000eab00000,0x00000000eab00000,0x00000000eaf80000)
  from space 512K, 97% used [0x00000000eb300000,0x00000000eb37d200,0x00000000eb380000)
  to   space 1536K, 0% used [0x00000000eb080000,0x00000000eb080000,0x00000000eb200000)
 ParOldGen       total 519168K, used 519158K [0x00000000c0000000, 0x00000000dfb00000, 0x00000000eab00000)
  object space 519168K, 99% used [0x00000000c0000000,0x00000000dfafdb00,0x00000000dfb00000)
 Metaspace       used 99314K, committed 101056K, reserved 1179648K
  class space    used 10243K, committed 11072K, reserved 1048576K
}
Event: 4156.936 GC heap before
{Heap before GC invocations=10186 (full 14):
 PSYoungGen      total 5120K, used 5108K [0x00000000eab00000, 0x00000000eb380000, 0x0000000100000000)
  eden space 4608K, 100% used [0x00000000eab00000,0x00000000eaf80000,0x00000000eaf80000)
  from space 512K, 97% used [0x00000000eb300000,0x00000000eb37d200,0x00000000eb380000)
  to   space 1536K, 0% used [0x00000000eb080000,0x00000000eb080000,0x00000000eb200000)
 ParOldGen       total 519168K, used 519158K [0x00000000c0000000, 0x00000000dfb00000, 0x00000000eab00000)
  object space 519168K, 99% used [0x00000000c0000000,0x00000000dfafdb00,0x00000000dfb00000)
 Metaspace       used 99314K, committed 101056K, reserved 1179648K
  class space    used 10243K, committed 11072K, reserved 1048576K
}
Event: 4156.937 GC heap after
{Heap after GC invocations=10186 (full 14):
 PSYoungGen      total 6144K, used 634K [0x00000000eab00000, 0x00000000eb380000, 0x0000000100000000)
  eden space 4608K, 0% used [0x00000000eab00000,0x00000000eab00000,0x00000000eaf80000)
  from space 1536K, 41% used [0x00000000eb080000,0x00000000eb11e900,0x00000000eb200000)
  to   space 1024K, 0% used [0x00000000eb280000,0x00000000eb280000,0x00000000eb380000)
 ParOldGen       total 519680K, used 519539K [0x00000000c0000000, 0x00000000dfb80000, 0x00000000eab00000)
  object space 519680K, 99% used [0x00000000c0000000,0x00000000dfb5cd00,0x00000000dfb80000)
 Metaspace       used 99314K, committed 101056K, reserved 1179648K
  class space    used 10243K, committed 11072K, reserved 1048576K
}
Event: 4156.943 GC heap before
{Heap before GC invocations=10187 (full 14):
 PSYoungGen      total 6144K, used 5242K [0x00000000eab00000, 0x00000000eb380000, 0x0000000100000000)
  eden space 4608K, 100% used [0x00000000eab00000,0x00000000eaf80000,0x00000000eaf80000)
  from space 1536K, 41% used [0x00000000eb080000,0x00000000eb11e900,0x00000000eb200000)
  to   space 1024K, 0% used [0x00000000eb280000,0x00000000eb280000,0x00000000eb380000)
 ParOldGen       total 519680K, used 519539K [0x00000000c0000000, 0x00000000dfb80000, 0x00000000eab00000)
  object space 519680K, 99% used [0x00000000c0000000,0x00000000dfb5cd00,0x00000000dfb80000)
 Metaspace       used 99314K, committed 101056K, reserved 1179648K
  class space    used 10243K, committed 11072K, reserved 1048576K
}
Event: 4156.944 GC heap after
{Heap after GC invocations=10187 (full 14):
 PSYoungGen      total 5120K, used 320K [0x00000000eab00000, 0x00000000eb300000, 0x0000000100000000)
  eden space 4608K, 0% used [0x00000000eab00000,0x00000000eab00000,0x00000000eaf80000)
  from space 512K, 62% used [0x00000000eb280000,0x00000000eb2d00f0,0x00000000eb300000)
  to   space 512K, 0% used [0x00000000eb200000,0x00000000eb200000,0x00000000eb280000)
 ParOldGen       total 519680K, used 519651K [0x00000000c0000000, 0x00000000dfb80000, 0x00000000eab00000)
  object space 519680K, 99% used [0x00000000c0000000,0x00000000dfb78d00,0x00000000dfb80000)
 Metaspace       used 99314K, committed 101056K, reserved 1179648K
  class space    used 10243K, committed 11072K, reserved 1048576K
}
Event: 4156.953 GC heap before
{Heap before GC invocations=10188 (full 14):
 PSYoungGen      total 5120K, used 4928K [0x00000000eab00000, 0x00000000eb300000, 0x0000000100000000)
  eden space 4608K, 100% used [0x00000000eab00000,0x00000000eaf80000,0x00000000eaf80000)
  from space 512K, 62% used [0x00000000eb280000,0x00000000eb2d00f0,0x00000000eb300000)
  to   space 512K, 0% used [0x00000000eb200000,0x00000000eb200000,0x00000000eb280000)
 ParOldGen       total 519680K, used 519651K [0x00000000c0000000, 0x00000000dfb80000, 0x00000000eab00000)
  object space 519680K, 99% used [0x00000000c0000000,0x00000000dfb78d00,0x00000000dfb80000)
 Metaspace       used 99314K, committed 101056K, reserved 1179648K
  class space    used 10243K, committed 11072K, reserved 1048576K
}
Event: 4156.954 GC heap after
{Heap after GC invocations=10188 (full 14):
 PSYoungGen      total 5120K, used 372K [0x00000000eab00000, 0x00000000eb300000, 0x0000000100000000)
  eden space 4608K, 0% used [0x00000000eab00000,0x00000000eab00000,0x00000000eaf80000)
  from space 512K, 72% used [0x00000000eb200000,0x00000000eb25d200,0x00000000eb280000)
  to   space 512K, 0% used [0x00000000eb280000,0x00000000eb280000,0x00000000eb300000)
 ParOldGen       total 519680K, used 519651K [0x00000000c0000000, 0x00000000dfb80000, 0x00000000eab00000)
  object space 519680K, 99% used [0x00000000c0000000,0x00000000dfb78d00,0x00000000dfb80000)
 Metaspace       used 99314K, committed 101056K, reserved 1179648K
  class space    used 10243K, committed 11072K, reserved 1048576K
}

Dll operation events (15 events):
Event: 0.419 Loaded shared library c:\Users\piogr\.vscode\extensions\redhat.java-1.40.0-win32-x64\jre\21.0.6-win32-x86_64\bin\java.dll
Event: 0.515 Loaded shared library c:\Users\piogr\.vscode\extensions\redhat.java-1.40.0-win32-x64\jre\21.0.6-win32-x86_64\bin\zip.dll
Event: 0.607 Loaded shared library C:\Users\piogr\.vscode\extensions\redhat.java-1.40.0-win32-x64\jre\21.0.6-win32-x86_64\bin\instrument.dll
Event: 0.619 Loaded shared library C:\Users\piogr\.vscode\extensions\redhat.java-1.40.0-win32-x64\jre\21.0.6-win32-x86_64\bin\net.dll
Event: 0.648 Loaded shared library C:\Users\piogr\.vscode\extensions\redhat.java-1.40.0-win32-x64\jre\21.0.6-win32-x86_64\bin\nio.dll
Event: 0.652 Loaded shared library C:\Users\piogr\.vscode\extensions\redhat.java-1.40.0-win32-x64\jre\21.0.6-win32-x86_64\bin\zip.dll
Event: 0.677 Loaded shared library C:\Users\piogr\.vscode\extensions\redhat.java-1.40.0-win32-x64\jre\21.0.6-win32-x86_64\bin\jimage.dll
Event: 0.837 Loaded shared library c:\Users\piogr\.vscode\extensions\redhat.java-1.40.0-win32-x64\jre\21.0.6-win32-x86_64\bin\verify.dll
Event: 2.430 Loaded shared library C:\Users\piogr\AppData\Roaming\Code\User\globalStorage\redhat.java\1.40.0\config_win\org.eclipse.equinox.launcher\org.eclipse.equinox.launcher.win32.win32.x86_64_1.2.1200.v20250212-0927\eclipse_11909.dll
Event: 4.709 Loaded shared library C:\Users\piogr\AppData\Local\Temp\jna-106672385\jna354222585603067651.dll
Event: 13.855 Loaded shared library C:\Users\piogr\.gradle\native\1def1411415f61bf3af743bc5b6707747c0891f09f0c88961ee8f79bc544acac\windows-amd64\native-platform.dll
Event: 16.536 Loaded shared library C:\Users\piogr\.vscode\extensions\redhat.java-1.40.0-win32-x64\jre\21.0.6-win32-x86_64\bin\management.dll
Event: 16.555 Loaded shared library C:\Users\piogr\.vscode\extensions\redhat.java-1.40.0-win32-x64\jre\21.0.6-win32-x86_64\bin\management_ext.dll
Event: 26.923 Loaded shared library C:\Users\piogr\.vscode\extensions\redhat.java-1.40.0-win32-x64\jre\21.0.6-win32-x86_64\bin\sunmscapi.dll
Event: 750.183 Loaded shared library C:\Users\piogr\.vscode\extensions\redhat.java-1.40.0-win32-x64\jre\21.0.6-win32-x86_64\bin\extnet.dll

Deoptimization events (20 events):
Event: 4134.367 Thread 0x000001bc640ed610 Uncommon trap: trap_request=0xffffffde fr.pc=0x000001bc13b08634 relative=0x0000000000001e54
Event: 4134.367 Thread 0x000001bc640ed610 Uncommon trap: reason=class_check action=maybe_recompile pc=0x000001bc13b08634 method=org.eclipse.jdt.internal.compiler.parser.Parser.consumeRule(I)V @ 6264 c2
Event: 4134.367 Thread 0x000001bc640ed610 DEOPT PACKING pc=0x000001bc13b08634 sp=0x0000005e37afe030
Event: 4134.367 Thread 0x000001bc640ed610 DEOPT UNPACKING pc=0x000001bc12c63aa2 sp=0x0000005e37afdfc8 mode 2
Event: 4141.047 Thread 0x000001bc640ed610 Uncommon trap: trap_request=0xffffffc6 fr.pc=0x000001bc13af646c relative=0x0000000000001aec
Event: 4141.047 Thread 0x000001bc640ed610 Uncommon trap: reason=bimorphic_or_optimized_type_check action=maybe_recompile pc=0x000001bc13af646c method=org.eclipse.jdt.internal.compiler.parser.Parser.consumeRule(I)V @ 6264 c2
Event: 4141.047 Thread 0x000001bc640ed610 DEOPT PACKING pc=0x000001bc13af646c sp=0x0000005e37afe850
Event: 4141.047 Thread 0x000001bc640ed610 DEOPT UNPACKING pc=0x000001bc12c63aa2 sp=0x0000005e37afe7e8 mode 2
Event: 4141.190 Thread 0x000001bc640ed610 Uncommon trap: trap_request=0xffffffc6 fr.pc=0x000001bc13af646c relative=0x0000000000001aec
Event: 4141.190 Thread 0x000001bc640ed610 Uncommon trap: reason=bimorphic_or_optimized_type_check action=maybe_recompile pc=0x000001bc13af646c method=org.eclipse.jdt.internal.compiler.parser.Parser.consumeRule(I)V @ 6264 c2
Event: 4141.190 Thread 0x000001bc640ed610 DEOPT PACKING pc=0x000001bc13af646c sp=0x0000005e37afe850
Event: 4141.190 Thread 0x000001bc640ed610 DEOPT UNPACKING pc=0x000001bc12c63aa2 sp=0x0000005e37afe7e8 mode 2
Event: 4142.006 Thread 0x000001bc715ce340 Uncommon trap: trap_request=0xffffffde fr.pc=0x000001bc13df38a4 relative=0x0000000000000424
Event: 4142.006 Thread 0x000001bc715ce340 Uncommon trap: reason=class_check action=maybe_recompile pc=0x000001bc13df38a4 method=org.eclipse.jdt.core.dom.TypeBinding.getTypeDeclaration()Lorg/eclipse/jdt/core/dom/ITypeBinding; @ 18 c2
Event: 4142.006 Thread 0x000001bc715ce340 DEOPT PACKING pc=0x000001bc13df38a4 sp=0x0000005e3a2febd0
Event: 4142.006 Thread 0x000001bc715ce340 DEOPT UNPACKING pc=0x000001bc12c63aa2 sp=0x0000005e3a2feb90 mode 2
Event: 4142.006 Thread 0x000001bc715ce340 Uncommon trap: trap_request=0xffffffde fr.pc=0x000001bc13df38a4 relative=0x0000000000000424
Event: 4142.006 Thread 0x000001bc715ce340 Uncommon trap: reason=class_check action=maybe_recompile pc=0x000001bc13df38a4 method=org.eclipse.jdt.core.dom.TypeBinding.getTypeDeclaration()Lorg/eclipse/jdt/core/dom/ITypeBinding; @ 18 c2
Event: 4142.006 Thread 0x000001bc715ce340 DEOPT PACKING pc=0x000001bc13df38a4 sp=0x0000005e3a2fedb0
Event: 4142.006 Thread 0x000001bc715ce340 DEOPT UNPACKING pc=0x000001bc12c63aa2 sp=0x0000005e3a2fed78 mode 2

Classes loaded (20 events):
Event: 1081.704 Loading class sun/net/www/http/KeepAliveCache$ClientVector
Event: 1081.704 Loading class sun/net/www/http/KeepAliveCache$ClientVector done
Event: 1081.721 Loading class sun/net/www/http/KeepAliveEntry
Event: 1081.721 Loading class sun/net/www/http/KeepAliveEntry done
Event: 1091.708 Loading class sun/security/ssl/Alert
Event: 1091.709 Loading class sun/security/ssl/Alert done
Event: 1091.709 Loading class sun/security/ssl/Alert$AlertConsumer
Event: 1091.709 Loading class sun/security/ssl/Alert$AlertConsumer done
Event: 1091.709 Loading class sun/security/ssl/Alert$Level
Event: 1091.709 Loading class sun/security/ssl/Alert$Level done
Event: 1568.263 Loading class javax/xml/transform/TransformerConfigurationException
Event: 1568.263 Loading class javax/xml/transform/TransformerConfigurationException done
Event: 3447.941 Loading class java/util/concurrent/ConcurrentHashMap$TreeNode
Event: 3447.941 Loading class java/util/concurrent/ConcurrentHashMap$TreeNode done
Event: 3447.941 Loading class java/util/concurrent/ConcurrentHashMap$TreeBin
Event: 3447.942 Loading class java/util/concurrent/ConcurrentHashMap$TreeBin done
Event: 3448.350 Loading class jdk/internal/icu/text/NormalizerBase$NFCModeImpl
Event: 3448.350 Loading class jdk/internal/icu/text/NormalizerBase$NFCModeImpl done
Event: 3448.350 Loading class jdk/internal/icu/impl/Norm2AllModes$NFCSingleton
Event: 3448.350 Loading class jdk/internal/icu/impl/Norm2AllModes$NFCSingleton done

Classes unloaded (20 events):
Event: 3472.454 Thread 0x000001bc1c8c42a0 Unloading class 0x000001bc1ea95800 'java/lang/invoke/LambdaForm$MH+0x000001bc1ea95800'
Event: 3472.454 Thread 0x000001bc1c8c42a0 Unloading class 0x000001bc1ea95000 'java/lang/invoke/LambdaForm$MH+0x000001bc1ea95000'
Event: 3472.454 Thread 0x000001bc1c8c42a0 Unloading class 0x000001bc1ea94c00 'java/lang/invoke/LambdaForm$MH+0x000001bc1ea94c00'
Event: 3472.454 Thread 0x000001bc1c8c42a0 Unloading class 0x000001bc1e166400 'java/lang/invoke/LambdaForm$MH+0x000001bc1e166400'
Event: 3472.454 Thread 0x000001bc1c8c42a0 Unloading class 0x000001bc1e165c00 'java/lang/invoke/LambdaForm$MH+0x000001bc1e165c00'
Event: 3472.454 Thread 0x000001bc1c8c42a0 Unloading class 0x000001bc1e165800 'java/lang/invoke/LambdaForm$MH+0x000001bc1e165800'
Event: 3472.454 Thread 0x000001bc1c8c42a0 Unloading class 0x000001bc1e165400 'java/lang/invoke/LambdaForm$MH+0x000001bc1e165400'
Event: 3472.454 Thread 0x000001bc1c8c42a0 Unloading class 0x000001bc1e165000 'java/lang/invoke/LambdaForm$MH+0x000001bc1e165000'
Event: 3472.454 Thread 0x000001bc1c8c42a0 Unloading class 0x000001bc1e164800 'java/lang/invoke/LambdaForm$MH+0x000001bc1e164800'
Event: 3472.454 Thread 0x000001bc1c8c42a0 Unloading class 0x000001bc1e164400 'java/lang/invoke/LambdaForm$MH+0x000001bc1e164400'
Event: 3472.454 Thread 0x000001bc1c8c42a0 Unloading class 0x000001bc1e164000 'java/lang/invoke/LambdaForm$MH+0x000001bc1e164000'
Event: 3472.454 Thread 0x000001bc1c8c42a0 Unloading class 0x000001bc1e000400 'java/lang/invoke/LambdaForm$MH+0x000001bc1e000400'
Event: 3700.700 Thread 0x000001bc1c8c42a0 Unloading class 0x000001bc1e98d800 'java/lang/invoke/LambdaForm$MH+0x000001bc1e98d800'
Event: 3700.700 Thread 0x000001bc1c8c42a0 Unloading class 0x000001bc1e9c9800 'java/lang/invoke/LambdaForm$MH+0x000001bc1e9c9800'
Event: 3700.701 Thread 0x000001bc1c8c42a0 Unloading class 0x000001bc1ea24800 'java/lang/invoke/LambdaForm$MH+0x000001bc1ea24800'
Event: 3700.701 Thread 0x000001bc1c8c42a0 Unloading class 0x000001bc1ea25400 'java/lang/invoke/LambdaForm$MH+0x000001bc1ea25400'
Event: 3700.701 Thread 0x000001bc1c8c42a0 Unloading class 0x000001bc1ea29800 'java/lang/invoke/LambdaForm$MH+0x000001bc1ea29800'
Event: 3700.701 Thread 0x000001bc1c8c42a0 Unloading class 0x000001bc1e635c00 'java/lang/invoke/LambdaForm$MH+0x000001bc1e635c00'
Event: 3700.701 Thread 0x000001bc1c8c42a0 Unloading class 0x000001bc1e618800 'java/lang/invoke/LambdaForm$MH+0x000001bc1e618800'
Event: 3700.701 Thread 0x000001bc1c8c42a0 Unloading class 0x000001bc1e5e8400 'java/lang/invoke/LambdaForm$MH+0x000001bc1e5e8400'

Classes redefined (0 events):
No events

Internal exceptions (20 events):
Event: 4143.816 Thread 0x000001bc640ed610 Exception <a 'java/lang/ClassNotFoundException'{0x00000000eaf49888}: sun/net/www/protocol/jdt/Handler> (0x00000000eaf49888) 
thrown [s\src\hotspot\share\classfile\systemDictionary.cpp, line 312]
Event: 4143.816 Thread 0x000001bc640ed610 Exception <a 'java/lang/ClassNotFoundException'{0x00000000eaf4bf90}: sun/net/www/protocol/jdt/Handler> (0x00000000eaf4bf90) 
thrown [s\src\hotspot\share\classfile\systemDictionary.cpp, line 312]
Event: 4143.816 Thread 0x000001bc640ed610 Exception <a 'java/lang/ClassNotFoundException'{0x00000000eaf4e6b8}: sun/net/www/protocol/jdt/Handler> (0x00000000eaf4e6b8) 
thrown [s\src\hotspot\share\classfile\systemDictionary.cpp, line 312]
Event: 4143.816 Thread 0x000001bc640ed610 Exception <a 'java/lang/ClassNotFoundException'{0x00000000eaf50e28}: sun/net/www/protocol/jdt/Handler> (0x00000000eaf50e28) 
thrown [s\src\hotspot\share\classfile\systemDictionary.cpp, line 312]
Event: 4143.816 Thread 0x000001bc640ed610 Exception <a 'java/lang/ClassNotFoundException'{0x00000000eaf53550}: sun/net/www/protocol/jdt/Handler> (0x00000000eaf53550) 
thrown [s\src\hotspot\share\classfile\systemDictionary.cpp, line 312]
Event: 4156.949 Thread 0x000001bc640ed610 Exception <a 'java/lang/ClassNotFoundException'{0x00000000eaea4360}: sun/net/www/protocol/jdt/Handler> (0x00000000eaea4360) 
thrown [s\src\hotspot\share\classfile\systemDictionary.cpp, line 312]
Event: 4156.949 Thread 0x000001bc640ed610 Exception <a 'java/lang/ClassNotFoundException'{0x00000000eaea66f0}: sun/net/www/protocol/jdt/Handler> (0x00000000eaea66f0) 
thrown [s\src\hotspot\share\classfile\systemDictionary.cpp, line 312]
Event: 4156.949 Thread 0x000001bc640ed610 Exception <a 'java/lang/ClassNotFoundException'{0x00000000eaeab578}: sun/net/www/protocol/jdt/Handler> (0x00000000eaeab578) 
thrown [s\src\hotspot\share\classfile\systemDictionary.cpp, line 312]
Event: 4156.949 Thread 0x000001bc640ed610 Exception <a 'java/lang/ClassNotFoundException'{0x00000000eaead908}: sun/net/www/protocol/jdt/Handler> (0x00000000eaead908) 
thrown [s\src\hotspot\share\classfile\systemDictionary.cpp, line 312]
Event: 4156.949 Thread 0x000001bc640ed610 Exception <a 'java/lang/ClassNotFoundException'{0x00000000eaeb1580}: sun/net/www/protocol/jdt/Handler> (0x00000000eaeb1580) 
thrown [s\src\hotspot\share\classfile\systemDictionary.cpp, line 312]
Event: 4156.950 Thread 0x000001bc640ed610 Exception <a 'java/lang/ClassNotFoundException'{0x00000000eaeb8590}: sun/net/www/protocol/jdt/Handler> (0x00000000eaeb8590) 
thrown [s\src\hotspot\share\classfile\systemDictionary.cpp, line 312]
Event: 4156.950 Thread 0x000001bc640ed610 Exception <a 'java/lang/ClassNotFoundException'{0x00000000eaebac98}: sun/net/www/protocol/jdt/Handler> (0x00000000eaebac98) 
thrown [s\src\hotspot\share\classfile\systemDictionary.cpp, line 312]
Event: 4156.950 Thread 0x000001bc640ed610 Exception <a 'java/lang/ClassNotFoundException'{0x00000000eaebd380}: sun/net/www/protocol/jdt/Handler> (0x00000000eaebd380) 
thrown [s\src\hotspot\share\classfile\systemDictionary.cpp, line 312]
Event: 4156.950 Thread 0x000001bc640ed610 Exception <a 'java/lang/ClassNotFoundException'{0x00000000eaebfab0}: sun/net/www/protocol/jdt/Handler> (0x00000000eaebfab0) 
thrown [s\src\hotspot\share\classfile\systemDictionary.cpp, line 312]
Event: 4156.950 Thread 0x000001bc640ed610 Exception <a 'java/lang/ClassNotFoundException'{0x00000000eaec21b8}: sun/net/www/protocol/jdt/Handler> (0x00000000eaec21b8) 
thrown [s\src\hotspot\share\classfile\systemDictionary.cpp, line 312]
Event: 4156.950 Thread 0x000001bc640ed610 Exception <a 'java/lang/ClassNotFoundException'{0x00000000eaec48d8}: sun/net/www/protocol/jdt/Handler> (0x00000000eaec48d8) 
thrown [s\src\hotspot\share\classfile\systemDictionary.cpp, line 312]
Event: 4156.950 Thread 0x000001bc640ed610 Exception <a 'java/lang/ClassNotFoundException'{0x00000000eaec7268}: sun/net/www/protocol/jdt/Handler> (0x00000000eaec7268) 
thrown [s\src\hotspot\share\classfile\systemDictionary.cpp, line 312]
Event: 4156.950 Thread 0x000001bc640ed610 Exception <a 'java/lang/ClassNotFoundException'{0x00000000eaec9990}: sun/net/www/protocol/jdt/Handler> (0x00000000eaec9990) 
thrown [s\src\hotspot\share\classfile\systemDictionary.cpp, line 312]
Event: 4156.950 Thread 0x000001bc640ed610 Exception <a 'java/lang/ClassNotFoundException'{0x00000000eaecc100}: sun/net/www/protocol/jdt/Handler> (0x00000000eaecc100) 
thrown [s\src\hotspot\share\classfile\systemDictionary.cpp, line 312]
Event: 4156.950 Thread 0x000001bc640ed610 Exception <a 'java/lang/ClassNotFoundException'{0x00000000eaece828}: sun/net/www/protocol/jdt/Handler> (0x00000000eaece828) 
thrown [s\src\hotspot\share\classfile\systemDictionary.cpp, line 312]

ZGC Phase Switch (0 events):
No events

VM Operations (20 events):
Event: 4156.886 Executing VM operation: ParallelGCFailedAllocation (Allocation Failure)
Event: 4156.887 Executing VM operation: ParallelGCFailedAllocation (Allocation Failure) done
Event: 4156.893 Executing VM operation: ParallelGCFailedAllocation (Allocation Failure)
Event: 4156.894 Executing VM operation: ParallelGCFailedAllocation (Allocation Failure) done
Event: 4156.900 Executing VM operation: ParallelGCFailedAllocation (Allocation Failure)
Event: 4156.901 Executing VM operation: ParallelGCFailedAllocation (Allocation Failure) done
Event: 4156.907 Executing VM operation: ParallelGCFailedAllocation (Allocation Failure)
Event: 4156.908 Executing VM operation: ParallelGCFailedAllocation (Allocation Failure) done
Event: 4156.913 Executing VM operation: ParallelGCFailedAllocation (Allocation Failure)
Event: 4156.915 Executing VM operation: ParallelGCFailedAllocation (Allocation Failure) done
Event: 4156.920 Executing VM operation: ParallelGCFailedAllocation (Allocation Failure)
Event: 4156.921 Executing VM operation: ParallelGCFailedAllocation (Allocation Failure) done
Event: 4156.928 Executing VM operation: ParallelGCFailedAllocation (Allocation Failure)
Event: 4156.930 Executing VM operation: ParallelGCFailedAllocation (Allocation Failure) done
Event: 4156.935 Executing VM operation: ParallelGCFailedAllocation (Allocation Failure)
Event: 4156.937 Executing VM operation: ParallelGCFailedAllocation (Allocation Failure) done
Event: 4156.943 Executing VM operation: ParallelGCFailedAllocation (Allocation Failure)
Event: 4156.944 Executing VM operation: ParallelGCFailedAllocation (Allocation Failure) done
Event: 4156.953 Executing VM operation: ParallelGCFailedAllocation (Allocation Failure)
Event: 4156.954 Executing VM operation: ParallelGCFailedAllocation (Allocation Failure) done

Memory protections (0 events):
No events

Nmethod flushes (20 events):
Event: 3881.667 Thread 0x000001bc1c8c42a0 flushing  nmethod 0x000001bc0db84110
Event: 3881.667 Thread 0x000001bc1c8c42a0 flushing osr nmethod 0x000001bc0db8a910
Event: 3881.667 Thread 0x000001bc1c8c42a0 flushing  nmethod 0x000001bc0db8c910
Event: 3881.667 Thread 0x000001bc1c8c42a0 flushing  nmethod 0x000001bc0db8e010
Event: 3881.667 Thread 0x000001bc1c8c42a0 flushing  nmethod 0x000001bc0dbb3e10
Event: 3881.667 Thread 0x000001bc1c8c42a0 flushing  nmethod 0x000001bc0dbd0c10
Event: 3881.667 Thread 0x000001bc1c8c42a0 flushing  nmethod 0x000001bc0dc36f10
Event: 3881.667 Thread 0x000001bc1c8c42a0 flushing  nmethod 0x000001bc0dc4b110
Event: 3881.667 Thread 0x000001bc1c8c42a0 flushing  nmethod 0x000001bc0dc9a610
Event: 3881.667 Thread 0x000001bc1c8c42a0 flushing  nmethod 0x000001bc0dc9af10
Event: 3881.667 Thread 0x000001bc1c8c42a0 flushing  nmethod 0x000001bc0dca3490
Event: 3881.667 Thread 0x000001bc1c8c42a0 flushing  nmethod 0x000001bc0dd16810
Event: 3881.667 Thread 0x000001bc1c8c42a0 flushing  nmethod 0x000001bc0dd16c90
Event: 3881.667 Thread 0x000001bc1c8c42a0 flushing  nmethod 0x000001bc0dd17990
Event: 3881.667 Thread 0x000001bc1c8c42a0 flushing  nmethod 0x000001bc0dd2cc10
Event: 3881.667 Thread 0x000001bc1c8c42a0 flushing  nmethod 0x000001bc0dd8d190
Event: 3881.667 Thread 0x000001bc1c8c42a0 flushing  nmethod 0x000001bc0ddd3c10
Event: 3881.667 Thread 0x000001bc1c8c42a0 flushing  nmethod 0x000001bc0de1bf90
Event: 3881.667 Thread 0x000001bc1c8c42a0 flushing  nmethod 0x000001bc0de1dc10
Event: 3881.667 Thread 0x000001bc1c8c42a0 flushing  nmethod 0x000001bc0de41a90

Events (20 events):
Event: 4066.080 Thread 0x000001bc68815530 Thread added: 0x000001bc71a35ef0
Event: 4066.088 Thread 0x000001bc71a35ef0 Thread added: 0x000001bc71a37930
Event: 4066.306 Thread 0x000001bc68815530 Thread added: 0x000001bc71a38650
Event: 4066.307 Thread 0x000001bc71a37930 Thread exited: 0x000001bc71a37930
Event: 4066.407 Thread 0x000001bc71a38650 Thread exited: 0x000001bc71a38650
Event: 4068.819 Thread 0x000001bc715d1130 Thread added: 0x000001bc640ebbd0
Event: 4068.819 Thread 0x000001bc640ebbd0 Thread exited: 0x000001bc640ebbd0
Event: 4069.143 Thread 0x000001bc640f24d0 Thread exited: 0x000001bc640f24d0
Event: 4089.522 Thread 0x000001bc5f9b2090 Thread added: 0x000001bc6676e720
Event: 4094.749 Thread 0x000001bc6676e720 Thread exited: 0x000001bc6676e720
Event: 4098.257 Thread 0x000001bc640f1120 Thread added: 0x000001bc640ee9c0
Event: 4098.257 Thread 0x000001bc640f1120 Thread added: 0x000001bc640ef6e0
Event: 4098.257 Thread 0x000001bc640f1120 Thread added: 0x000001bc640f24d0
Event: 4098.322 Thread 0x000001bc640f1120 Thread added: 0x000001bc640f1e40
Event: 4098.322 Thread 0x000001bc640f1120 Thread added: 0x000001bc6881a3f0
Event: 4098.358 Thread 0x000001bc5f9bc0f0 Thread added: 0x000001bc6676e720
Event: 4098.358 Thread 0x000001bc688189b0 Thread added: 0x000001bc6881aa80
Event: 4098.875 Thread 0x000001bc6676e720 Thread exited: 0x000001bc6676e720
Event: 4112.883 Thread 0x000001bc5f9b2090 Thread added: 0x000001bc6676e720
Event: 4113.375 Thread 0x000001bc6676e720 Thread exited: 0x000001bc6676e720


Dynamic libraries:
0x00007ff6b13b0000 - 0x00007ff6b13be000 	c:\Users\piogr\.vscode\extensions\redhat.java-1.40.0-win32-x64\jre\21.0.6-win32-x86_64\bin\java.exe
0x00007ffdcab50000 - 0x00007ffdcad48000 	C:\Windows\SYSTEM32\ntdll.dll
0x00007ffdc9540000 - 0x00007ffdc9602000 	C:\Windows\System32\KERNEL32.DLL
0x00007ffdc83b0000 - 0x00007ffdc86af000 	C:\Windows\System32\KERNELBASE.dll
0x00007ffdc8220000 - 0x00007ffdc8320000 	C:\Windows\System32\ucrtbase.dll
0x00007ffd1bf10000 - 0x00007ffd1bf28000 	c:\Users\piogr\.vscode\extensions\redhat.java-1.40.0-win32-x64\jre\21.0.6-win32-x86_64\bin\jli.dll
0x00007ffdc9ab0000 - 0x00007ffdc9c4d000 	C:\Windows\System32\USER32.dll
0x00007ffdc8920000 - 0x00007ffdc8942000 	C:\Windows\System32\win32u.dll
0x00007ffdca190000 - 0x00007ffdca1bb000 	C:\Windows\System32\GDI32.dll
0x00007ffdc89a0000 - 0x00007ffdc8aba000 	C:\Windows\System32\gdi32full.dll
0x00007ffdc8720000 - 0x00007ffdc87bd000 	C:\Windows\System32\msvcp_win.dll
0x00007ffd32140000 - 0x00007ffd3215e000 	c:\Users\piogr\.vscode\extensions\redhat.java-1.40.0-win32-x64\jre\21.0.6-win32-x86_64\bin\VCRUNTIME140.dll
0x00007ffdc75b0000 - 0x00007ffdc784a000 	C:\Windows\WinSxS\amd64_microsoft.windows.common-controls_6595b64144ccf1df_6.0.19041.4355_none_60b8b9eb71f62e16\COMCTL32.dll
0x00007ffdc9c50000 - 0x00007ffdc9cee000 	C:\Windows\System32\msvcrt.dll
0x00007ffdc9110000 - 0x00007ffdc913f000 	C:\Windows\System32\IMM32.DLL
0x00007ffdac8c0000 - 0x00007ffdac8cc000 	c:\Users\piogr\.vscode\extensions\redhat.java-1.40.0-win32-x64\jre\21.0.6-win32-x86_64\bin\vcruntime140_1.dll
0x00007ffd13f90000 - 0x00007ffd1401d000 	c:\Users\piogr\.vscode\extensions\redhat.java-1.40.0-win32-x64\jre\21.0.6-win32-x86_64\bin\msvcp140.dll
0x00007ffd13200000 - 0x00007ffd13f90000 	c:\Users\piogr\.vscode\extensions\redhat.java-1.40.0-win32-x64\jre\21.0.6-win32-x86_64\bin\server\jvm.dll
0x00007ffdc97b0000 - 0x00007ffdc985f000 	C:\Windows\System32\ADVAPI32.dll
0x00007ffdc96a0000 - 0x00007ffdc973f000 	C:\Windows\System32\sechost.dll
0x00007ffdc8b70000 - 0x00007ffdc8c93000 	C:\Windows\System32\RPCRT4.dll
0x00007ffdc81f0000 - 0x00007ffdc8217000 	C:\Windows\System32\bcrypt.dll
0x00007ffdc9740000 - 0x00007ffdc97ab000 	C:\Windows\System32\WS2_32.dll
0x00007ffdbc330000 - 0x00007ffdbc357000 	C:\Windows\SYSTEM32\WINMM.dll
0x00007ffdc7de0000 - 0x00007ffdc7e2b000 	C:\Windows\SYSTEM32\POWRPROF.dll
0x00007ffdc4ef0000 - 0x00007ffdc4efa000 	C:\Windows\SYSTEM32\VERSION.dll
0x00007ffdc7850000 - 0x00007ffdc7862000 	C:\Windows\SYSTEM32\UMPDC.dll
0x00007ffdc5280000 - 0x00007ffdc5292000 	C:\Windows\SYSTEM32\kernel.appcore.dll
0x00007ffd9ab00000 - 0x00007ffd9ab0a000 	c:\Users\piogr\.vscode\extensions\redhat.java-1.40.0-win32-x64\jre\21.0.6-win32-x86_64\bin\jimage.dll
0x00007ffdc7a40000 - 0x00007ffdc7c24000 	C:\Windows\SYSTEM32\DBGHELP.DLL
0x00007ffda7170000 - 0x00007ffda71a4000 	C:\Windows\SYSTEM32\dbgcore.DLL
0x00007ffdc8320000 - 0x00007ffdc83a2000 	C:\Windows\System32\bcryptPrimitives.dll
0x00007ffd970c0000 - 0x00007ffd970cf000 	c:\Users\piogr\.vscode\extensions\redhat.java-1.40.0-win32-x64\jre\21.0.6-win32-x86_64\bin\instrument.dll
0x00007ffd36670000 - 0x00007ffd3668f000 	c:\Users\piogr\.vscode\extensions\redhat.java-1.40.0-win32-x64\jre\21.0.6-win32-x86_64\bin\java.dll
0x00007ffdca1c0000 - 0x00007ffdca92d000 	C:\Windows\System32\SHELL32.dll
0x00007ffdc5580000 - 0x00007ffdc5d24000 	C:\Windows\SYSTEM32\windows.storage.dll
0x00007ffdc8db0000 - 0x00007ffdc9105000 	C:\Windows\System32\combase.dll
0x00007ffdc7510000 - 0x00007ffdc753f000 	C:\Windows\SYSTEM32\Wldp.dll
0x00007ffdcaa40000 - 0x00007ffdcab0d000 	C:\Windows\System32\OLEAUT32.dll
0x00007ffdca930000 - 0x00007ffdca9dd000 	C:\Windows\System32\SHCORE.dll
0x00007ffdc8d50000 - 0x00007ffdc8da5000 	C:\Windows\System32\shlwapi.dll
0x00007ffdc8120000 - 0x00007ffdc8144000 	C:\Windows\SYSTEM32\profapi.dll
0x00007ffd12fb0000 - 0x00007ffd12fc8000 	c:\Users\piogr\.vscode\extensions\redhat.java-1.40.0-win32-x64\jre\21.0.6-win32-x86_64\bin\zip.dll
0x00007ffd39490000 - 0x00007ffd394a0000 	C:\Users\piogr\.vscode\extensions\redhat.java-1.40.0-win32-x64\jre\21.0.6-win32-x86_64\bin\net.dll
0x00007ffdc1de0000 - 0x00007ffdc1eea000 	C:\Windows\SYSTEM32\WINHTTP.dll
0x00007ffdc73e0000 - 0x00007ffdc744c000 	C:\Windows\system32\mswsock.dll
0x00007ffd131e0000 - 0x00007ffd131f6000 	C:\Users\piogr\.vscode\extensions\redhat.java-1.40.0-win32-x64\jre\21.0.6-win32-x86_64\bin\nio.dll
0x00007ffd36ab0000 - 0x00007ffd36ac0000 	c:\Users\piogr\.vscode\extensions\redhat.java-1.40.0-win32-x64\jre\21.0.6-win32-x86_64\bin\verify.dll
0x00007ffd13140000 - 0x00007ffd13185000 	C:\Users\piogr\AppData\Roaming\Code\User\globalStorage\redhat.java\1.40.0\config_win\org.eclipse.equinox.launcher\org.eclipse.equinox.launcher.win32.win32.x86_64_1.2.1200.v20250212-0927\eclipse_11909.dll
0x00007ffdc9410000 - 0x00007ffdc953b000 	C:\Windows\System32\ole32.dll
0x00007ffdc7f60000 - 0x00007ffdc7f78000 	C:\Windows\SYSTEM32\CRYPTSP.dll
0x00007ffdc6bf0000 - 0x00007ffdc6c24000 	C:\Windows\system32\rsaenh.dll
0x00007ffdc80e0000 - 0x00007ffdc810e000 	C:\Windows\SYSTEM32\USERENV.dll
0x00007ffdc74d0000 - 0x00007ffdc74dc000 	C:\Windows\SYSTEM32\CRYPTBASE.dll
0x00007ffdc6f50000 - 0x00007ffdc6f8b000 	C:\Windows\SYSTEM32\IPHLPAPI.DLL
0x00007ffdc9690000 - 0x00007ffdc9698000 	C:\Windows\System32\NSI.dll
0x00007ffd130c0000 - 0x00007ffd13109000 	C:\Users\piogr\AppData\Local\Temp\jna-106672385\jna354222585603067651.dll
0x00007ffdc99a0000 - 0x00007ffdc99a8000 	C:\Windows\System32\PSAPI.DLL
0x00007ffdc3f00000 - 0x00007ffdc3f17000 	C:\Windows\SYSTEM32\dhcpcsvc6.DLL
0x00007ffdc3ee0000 - 0x00007ffdc3efd000 	C:\Windows\SYSTEM32\dhcpcsvc.DLL
0x00007ffd13110000 - 0x00007ffd13137000 	C:\Users\piogr\.gradle\native\1def1411415f61bf3af743bc5b6707747c0891f09f0c88961ee8f79bc544acac\windows-amd64\native-platform.dll
0x00007ffd365c0000 - 0x00007ffd365ca000 	C:\Users\piogr\.vscode\extensions\redhat.java-1.40.0-win32-x64\jre\21.0.6-win32-x86_64\bin\management.dll
0x00007ffd351c0000 - 0x00007ffd351cb000 	C:\Users\piogr\.vscode\extensions\redhat.java-1.40.0-win32-x64\jre\21.0.6-win32-x86_64\bin\management_ext.dll
0x00007ffd34ed0000 - 0x00007ffd34ede000 	C:\Users\piogr\.vscode\extensions\redhat.java-1.40.0-win32-x64\jre\21.0.6-win32-x86_64\bin\sunmscapi.dll
0x00007ffdc87c0000 - 0x00007ffdc891c000 	C:\Windows\System32\CRYPT32.dll
0x00007ffdc7580000 - 0x00007ffdc75a7000 	C:\Windows\SYSTEM32\ncrypt.dll
0x00007ffdc7540000 - 0x00007ffdc757b000 	C:\Windows\SYSTEM32\NTASN1.dll
0x00007ffd34920000 - 0x00007ffd34929000 	C:\Users\piogr\.vscode\extensions\redhat.java-1.40.0-win32-x64\jre\21.0.6-win32-x86_64\bin\extnet.dll
0x00007ffdc6f90000 - 0x00007ffdc705a000 	C:\Windows\SYSTEM32\DNSAPI.dll
0x00007ffdc08f0000 - 0x00007ffdc08fa000 	C:\Windows\System32\rasadhlp.dll
0x00007ffdc02a0000 - 0x00007ffdc0320000 	C:\Windows\System32\fwpuclnt.dll

dbghelp: loaded successfully - version: 4.0.5 - missing functions: none
symbol engine: initialized successfully - sym options: 0x614 - pdb path: .;c:\Users\piogr\.vscode\extensions\redhat.java-1.40.0-win32-x64\jre\21.0.6-win32-x86_64\bin;C:\Windows\SYSTEM32;C:\Windows\WinSxS\amd64_microsoft.windows.common-controls_6595b64144ccf1df_6.0.19041.4355_none_60b8b9eb71f62e16;c:\Users\piogr\.vscode\extensions\redhat.java-1.40.0-win32-x64\jre\21.0.6-win32-x86_64\bin\server;C:\Users\piogr\AppData\Roaming\Code\User\globalStorage\redhat.java\1.40.0\config_win\org.eclipse.equinox.launcher\org.eclipse.equinox.launcher.win32.win32.x86_64_1.2.1200.v20250212-0927;C:\Users\piogr\AppData\Local\Temp\jna-106672385;C:\Users\piogr\.gradle\native\1def1411415f61bf3af743bc5b6707747c0891f09f0c88961ee8f79bc544acac\windows-amd64

VM Arguments:
jvm_args: --add-modules=ALL-SYSTEM --add-opens=java.base/java.util=ALL-UNNAMED --add-opens=java.base/java.lang=ALL-UNNAMED --add-opens=java.base/sun.nio.fs=ALL-UNNAMED -Declipse.application=org.eclipse.jdt.ls.core.id1 -Dosgi.bundles.defaultStartLevel=4 -Declipse.product=org.eclipse.jdt.ls.core.product -Djava.import.generatesMetadataFilesAtProjectRoot=false -DDetectVMInstallationsJob.disabled=true -Dfile.encoding=utf8 -XX:+UseParallelGC -XX:GCTimeRatio=4 -XX:AdaptiveSizePolicyWeight=90 -Dsun.zip.disableMemoryMapping=true -Xmx1G -Xms100m -Xlog:disable -javaagent:c:\Users\piogr\.vscode\extensions\redhat.java-1.40.0-win32-x64\lombok\lombok-1.18.36.jar -XX:+HeapDumpOnOutOfMemoryError -XX:HeapDumpPath=c:\Users\piogr\AppData\Roaming\Code\User\workspaceStorage\5160f9f0d6565c2255b0edf246cc32b3\redhat.java -Daether.dependencyCollector.impl=bf 
java_command: c:\Users\piogr\.vscode\extensions\redhat.java-1.40.0-win32-x64\server\plugins\org.eclipse.equinox.launcher_1.6.1000.v20250131-0606.jar -configuration c:\Users\piogr\AppData\Roaming\Code\User\globalStorage\redhat.java\1.40.0\config_win -data c:\Users\piogr\AppData\Roaming\Code\User\workspaceStorage\5160f9f0d6565c2255b0edf246cc32b3\redhat.java\jdt_ws --pipe=\\.\pipe\lsp-1d95b6ced9cd98f9ed59a734aeb82d96-sock
java_class_path (initial): c:\Users\piogr\.vscode\extensions\redhat.java-1.40.0-win32-x64\server\plugins\org.eclipse.equinox.launcher_1.6.1000.v20250131-0606.jar
Launcher Type: SUN_STANDARD

[Global flags]
    uintx AdaptiveSizePolicyWeight                 = 90                                        {product} {command line}
     intx CICompilerCount                          = 4                                         {product} {ergonomic}
    uintx GCTimeRatio                              = 4                                         {product} {command line}
     bool HeapDumpOnOutOfMemoryError               = true                                   {manageable} {command line}
    ccstr HeapDumpPath                             = c:\Users\piogr\AppData\Roaming\Code\User\workspaceStorage\5160f9f0d6565c2255b0edf246cc32b3\redhat.java         {manageable} {command line}
   size_t InitialHeapSize                          = 104857600                                 {product} {command line}
   size_t MaxHeapSize                              = 1073741824                                {product} {command line}
   size_t MaxNewSize                               = 357564416                                 {product} {ergonomic}
   size_t MinHeapDeltaBytes                        = 524288                                    {product} {ergonomic}
   size_t MinHeapSize                              = 104857600                                 {product} {command line}
   size_t NewSize                                  = 34603008                                  {product} {ergonomic}
    uintx NonNMethodCodeHeapSize                   = 5839372                                {pd product} {ergonomic}
    uintx NonProfiledCodeHeapSize                  = 122909434                              {pd product} {ergonomic}
   size_t OldSize                                  = 70254592                                  {product} {ergonomic}
    uintx ProfiledCodeHeapSize                     = 122909434                              {pd product} {ergonomic}
    uintx ReservedCodeCacheSize                    = 251658240                              {pd product} {ergonomic}
     bool SegmentedCodeCache                       = true                                      {product} {ergonomic}
   size_t SoftMaxHeapSize                          = 1073741824                             {manageable} {ergonomic}
     bool UseCompressedOops                        = true                           {product lp64_product} {ergonomic}
     bool UseLargePagesIndividualAllocation        = false                                  {pd product} {ergonomic}
     bool UseParallelGC                            = true                                      {product} {command line}

Logging:
Log output configuration:
 #0: stdout all=off uptime,level,tags foldmultilines=false
 #1: stderr all=off uptime,level,tags foldmultilines=false

Environment Variables:
PATH=C:\Program Files\Common Files\Oracle\Java\javapath;C:\Program Files\Eclipse Adoptium\jre-21.0.5.11-hotspot\bin;C:\Windows\system32;C:\Windows;C:\Windows\System32\Wbem;C:\Windows\System32\WindowsPowerShell\v1.0\;C:\Windows\System32\OpenSSH\;C:\Program Files\NVIDIA Corporation\NVIDIA app\NvDLISR;C:\Program Files (x86)\NVIDIA Corporation\PhysX\Common;C:\Program Files\dotnet\;C:\Program Files\Git\cmd;C:\Users\piogr\AppData\Local\Microsoft\WindowsApps;C:\Users\piogr\AppData\Local\Programs\Microsoft VS Code\bin
USERNAME=piogr
OS=Windows_NT
PROCESSOR_IDENTIFIER=AMD64 Family 23 Model 8 Stepping 2, AuthenticAMD
TMP=C:\Users\piogr\AppData\Local\Temp
TEMP=C:\Users\piogr\AppData\Local\Temp




Periodic native trim disabled

---------------  S Y S T E M  ---------------

OS:
 Windows 10 , 64 bit Build 19041 (10.0.19041.5438)
OS uptime: 0 days 1:10 hours

CPU: total 12 (initial active 12) (12 cores per cpu, 2 threads per core) family 23 model 8 stepping 2 microcode 0x0, cx8, cmov, fxsr, ht, mmx, 3dnowpref, sse, sse2, sse3, ssse3, sse4a, sse4.1, sse4.2, popcnt, lzcnt, tsc, tscinvbit, avx, avx2, aes, clmul, bmi1, bmi2, adx, sha, fma, vzeroupper, clflush, clflushopt, rdtscp, f16c
Processor Information for the first 12 processors :
  Max Mhz: 3400, Current Mhz: 3400, Mhz Limit: 3400

Memory: 4k page, system-wide physical 16309M (8112M free)
TotalPageFile size 26037M (AvailPageFile size 12516M)
current process WorkingSet (physical memory assigned to process): 940M, peak: 1156M
current process commit charge ("private bytes"): 901M, peak: 1081M

vm_info: OpenJDK 64-Bit Server VM (21.0.6+7-LTS) for windows-amd64 JRE (21.0.6+7-LTS), built on 2025-01-21T00:00:00Z by "admin" with MS VC++ 17.7 (VS2022)

END.
